"D:/MY PROJECTS/jamgame/jamgame/Content/scripts/player/bp_controller.uasset" 0
"D:/MY PROJECTS/jamgame/jamgame/Content/scripts/player/bp_controller.uexp" 1
"D:/MY PROJECTS/jamgame/jamgame/Content/scripts/player/bp_interface.uasset" 2
"D:/MY PROJECTS/jamgame/jamgame/Content/scripts/player/bp_interface.uexp" 3
"D:/MY PROJECTS/jamgame/jamgame/Content/scripts/bp_capture.uasset" 4
"D:/MY PROJECTS/jamgame/jamgame/Content/scripts/bp_capture.uexp" 5
"D:/MY PROJECTS/jamgame/jamgame/Content/data/e_interactivePower.uasset" 6
"D:/MY PROJECTS/jamgame/jamgame/Content/data/e_interactivePower.uexp" 7
"D:/MY PROJECTS/jamgame/jamgame/Content/assets/materials/meshes/emis.uasset" 8
"D:/MY PROJECTS/jamgame/jamgame/Content/assets/materials/meshes/emis.uexp" 9
"D:/MY PROJECTS/jamgame/jamgame/Content/assets/materials/meshes/emis_blue.uasset" 10
"D:/MY PROJECTS/jamgame/jamgame/Content/assets/materials/meshes/emis_blue.uexp" 11
"D:/MY PROJECTS/jamgame/jamgame/Content/scripts/deco/bp_interactive.uasset" 12
"D:/MY PROJECTS/jamgame/jamgame/Content/scripts/deco/bp_interactive.uexp" 13
"D:/MY PROJECTS/jamgame/jamgame/Content/scripts/player/components/bp_camerashake.uasset" 14
"D:/MY PROJECTS/jamgame/jamgame/Content/scripts/player/components/bp_camerashake.uexp" 15
"D:/MY PROJECTS/jamgame/jamgame/Content/data/e_achievements.uasset" 16
"D:/MY PROJECTS/jamgame/jamgame/Content/data/e_achievements.uexp" 17
"D:/MY PROJECTS/jamgame/jamgame/Content/data/bp_pj.uasset" 18
"D:/MY PROJECTS/jamgame/jamgame/Content/data/bp_pj.uexp" 19
"D:/MY PROJECTS/jamgame/jamgame/Content/data/e_prizes.uasset" 20
"D:/MY PROJECTS/jamgame/jamgame/Content/data/e_prizes.uexp" 21
"D:/MY PROJECTS/jamgame/jamgame/Content/data/e_decotype.uasset" 22
"D:/MY PROJECTS/jamgame/jamgame/Content/data/e_decotype.uexp" 23
"../../../Engine/Content/EditorBlueprintResources/StandardMacros.uasset" 24
"../../../Engine/Content/EditorBlueprintResources/StandardMacros.uexp" 25
"D:/MY PROJECTS/jamgame/jamgame/Content/scripts/deco/bp_grab_base.uasset" 26
"D:/MY PROJECTS/jamgame/jamgame/Content/scripts/deco/bp_grab_base.uexp" 27
"D:/MY PROJECTS/jamgame/jamgame/Content/data/e_rpschoices.uasset" 28
"D:/MY PROJECTS/jamgame/jamgame/Content/data/e_rpschoices.uexp" 29
"D:/MY PROJECTS/jamgame/jamgame/Content/scripts/weapons/bp_item_card_base.uasset" 30
"D:/MY PROJECTS/jamgame/jamgame/Content/scripts/weapons/bp_item_card_base.uexp" 31
"D:/MY PROJECTS/jamgame/jamgame/Content/data/e_hlcards_num.uasset" 32
"D:/MY PROJECTS/jamgame/jamgame/Content/data/e_hlcards_num.uexp" 33
"D:/MY PROJECTS/jamgame/jamgame/Content/data/e_hlcards.uasset" 34
"D:/MY PROJECTS/jamgame/jamgame/Content/data/e_hlcards.uexp" 35
"D:/MY PROJECTS/jamgame/jamgame/Content/assets/textures/t_icon_itemslot.uasset" 36
"D:/MY PROJECTS/jamgame/jamgame/Content/assets/textures/t_icon_itemslot.uexp" 37
"D:/MY PROJECTS/jamgame/jamgame/Content/assets/fonts/font_videotype.uasset" 38
"D:/MY PROJECTS/jamgame/jamgame/Content/assets/fonts/font_videotype.uexp" 39
"D:/MY PROJECTS/jamgame/jamgame/Content/assets/fonts/font_videotype.ufont" 40
"D:/MY PROJECTS/jamgame/jamgame/Content/assets/fonts/font_videotype_Font.uasset" 41
"D:/MY PROJECTS/jamgame/jamgame/Content/assets/fonts/font_videotype_Font.uexp" 42
"D:/MY PROJECTS/jamgame/jamgame/Content/assets/ui/ui_extra/ui_extra_passdig.uasset" 43
"D:/MY PROJECTS/jamgame/jamgame/Content/assets/ui/ui_extra/ui_extra_passdig.uexp" 44
"D:/MY PROJECTS/jamgame/jamgame/Content/assets/images/textures/t_hl_up.uasset" 45
"D:/MY PROJECTS/jamgame/jamgame/Content/assets/images/textures/t_hl_up.uexp" 46
"D:/MY PROJECTS/jamgame/jamgame/Content/assets/materials/meshes/mat_up.uasset" 47
"D:/MY PROJECTS/jamgame/jamgame/Content/assets/materials/meshes/mat_up.uexp" 48
"D:/MY PROJECTS/jamgame/jamgame/Content/assets/images/textures/t_hl_card2.uasset" 49
"D:/MY PROJECTS/jamgame/jamgame/Content/assets/images/textures/t_hl_card2.uexp" 50
"D:/MY PROJECTS/jamgame/jamgame/Content/assets/materials/meshes/mat_hl_card2.uasset" 51
"D:/MY PROJECTS/jamgame/jamgame/Content/assets/materials/meshes/mat_hl_card2.uexp" 52
"D:/MY PROJECTS/jamgame/jamgame/Content/assets/materials/meshes/emis_white.uasset" 53
"D:/MY PROJECTS/jamgame/jamgame/Content/assets/materials/meshes/emis_white.uexp" 54
"D:/MY PROJECTS/jamgame/jamgame/Content/assets/meshes/props/sm_card_hl.uasset" 55
"D:/MY PROJECTS/jamgame/jamgame/Content/assets/meshes/props/sm_card_hl.uexp" 56
"D:/MY PROJECTS/jamgame/jamgame/Content/assets/images/textures/t_hl_down.uasset" 57
"D:/MY PROJECTS/jamgame/jamgame/Content/assets/images/textures/t_hl_down.uexp" 58
"D:/MY PROJECTS/jamgame/jamgame/Content/assets/materials/meshes/mat_down.uasset" 59
"D:/MY PROJECTS/jamgame/jamgame/Content/assets/materials/meshes/mat_down.uexp" 60
"D:/MY PROJECTS/jamgame/jamgame/Content/assets/materials/meshes/emis_orange.uasset" 61
"D:/MY PROJECTS/jamgame/jamgame/Content/assets/materials/meshes/emis_orange.uexp" 62
"D:/MY PROJECTS/jamgame/jamgame/Content/assets/fonts/videotype_Font.uasset" 63
"D:/MY PROJECTS/jamgame/jamgame/Content/assets/fonts/videotype_Font.uexp" 64
"D:/MY PROJECTS/jamgame/jamgame/Content/assets/fonts/fm_videotype.uasset" 65
"D:/MY PROJECTS/jamgame/jamgame/Content/assets/fonts/fm_videotype.uexp" 66
"D:/MY PROJECTS/jamgame/jamgame/Content/scripts/deco/bp_interactive_card_hl.uasset" 67
"D:/MY PROJECTS/jamgame/jamgame/Content/scripts/deco/bp_interactive_card_hl.uexp" 68
"D:/MY PROJECTS/jamgame/jamgame/Content/scripts/weapons/bp_item_card_hl.uasset" 69
"D:/MY PROJECTS/jamgame/jamgame/Content/scripts/weapons/bp_item_card_hl.uexp" 70
"D:/MY PROJECTS/jamgame/jamgame/Content/assets/materials/meshes/emis_red.uasset" 71
"D:/MY PROJECTS/jamgame/jamgame/Content/assets/materials/meshes/emis_red.uexp" 72
"D:/MY PROJECTS/jamgame/jamgame/Content/assets/images/textures/t_cardschool.uasset" 73
"D:/MY PROJECTS/jamgame/jamgame/Content/assets/images/textures/t_cardschool.uexp" 74
"D:/MY PROJECTS/jamgame/jamgame/Content/assets/materials/meshes/mat_cardpap.uasset" 75
"D:/MY PROJECTS/jamgame/jamgame/Content/assets/materials/meshes/mat_cardpap.uexp" 76
"D:/MY PROJECTS/jamgame/jamgame/Content/assets/meshes/props/sm_cardstack.uasset" 77
"D:/MY PROJECTS/jamgame/jamgame/Content/assets/meshes/props/sm_cardstack.uexp" 78
"D:/MY PROJECTS/jamgame/jamgame/Content/scripts/weapons/bp_pick_cards_hl.uasset" 79
"D:/MY PROJECTS/jamgame/jamgame/Content/scripts/weapons/bp_pick_cards_hl.uexp" 80
"D:/MY PROJECTS/jamgame/jamgame/Content/scripts/weapons/bp_item_speccard.uasset" 81
"D:/MY PROJECTS/jamgame/jamgame/Content/scripts/weapons/bp_item_speccard.uexp" 82
"D:/MY PROJECTS/jamgame/jamgame/Content/data/e_donation.uasset" 83
"D:/MY PROJECTS/jamgame/jamgame/Content/data/e_donation.uexp" 84
"D:/MY PROJECTS/jamgame/jamgame/Content/assets/meshes/skeletons/sk_narrator.uasset" 85
"D:/MY PROJECTS/jamgame/jamgame/Content/assets/meshes/skeletons/sk_narrator.uexp" 86
"../../../Engine/Content/Animation/DefaultAnimCurveCompressionSettings.uasset" 87
"../../../Engine/Content/Animation/DefaultAnimCurveCompressionSettings.uexp" 88
"../../../Engine/Content/Animation/DefaultAnimBoneCompressionSettings.uasset" 89
"../../../Engine/Content/Animation/DefaultAnimBoneCompressionSettings.uexp" 90
"D:/MY PROJECTS/jamgame/jamgame/Content/assets/meshes/char/anim_sit.uasset" 91
"D:/MY PROJECTS/jamgame/jamgame/Content/assets/meshes/char/anim_sit.uexp" 92
"D:/MY PROJECTS/jamgame/jamgame/Content/assets/meshes/char/ab_host.uasset" 93
"D:/MY PROJECTS/jamgame/jamgame/Content/assets/meshes/char/ab_host.uexp" 94
"D:/MY PROJECTS/jamgame/jamgame/Content/assets/meshes/char/deco4__1__PhysicsAsset.uasset" 95
"D:/MY PROJECTS/jamgame/jamgame/Content/assets/meshes/char/deco4__1__PhysicsAsset.uexp" 96
"D:/MY PROJECTS/jamgame/jamgame/Content/assets/materials/meshes/emis_purp.uasset" 97
"D:/MY PROJECTS/jamgame/jamgame/Content/assets/materials/meshes/emis_purp.uexp" 98
"D:/MY PROJECTS/jamgame/jamgame/Content/StarterContent/Materials/M_Glass.uasset" 99
"D:/MY PROJECTS/jamgame/jamgame/Content/StarterContent/Materials/M_Glass.uexp" 100
"D:/MY PROJECTS/jamgame/jamgame/Content/assets/materials/architecture/mat_glass_ins.uasset" 101
"D:/MY PROJECTS/jamgame/jamgame/Content/assets/materials/architecture/mat_glass_ins.uexp" 102
"D:/MY PROJECTS/jamgame/jamgame/Content/assets/materials/architecture/mat_glass_black.uasset" 103
"D:/MY PROJECTS/jamgame/jamgame/Content/assets/materials/architecture/mat_glass_black.uexp" 104
"D:/MY PROJECTS/jamgame/jamgame/Content/assets/images/textures/material-palette.uasset" 105
"D:/MY PROJECTS/jamgame/jamgame/Content/assets/images/textures/material-palette.uexp" 106
"D:/MY PROJECTS/jamgame/jamgame/Content/assets/materials/meshes/defmat.uasset" 107
"D:/MY PROJECTS/jamgame/jamgame/Content/assets/materials/meshes/defmat.uexp" 108
"D:/MY PROJECTS/jamgame/jamgame/Content/assets/meshes/char/deco4__1_.uasset" 109
"D:/MY PROJECTS/jamgame/jamgame/Content/assets/meshes/char/deco4__1_.uexp" 110
"D:/MY PROJECTS/jamgame/jamgame/Content/assets/meshes/char/anim_cardthrow.uasset" 111
"D:/MY PROJECTS/jamgame/jamgame/Content/assets/meshes/char/anim_cardthrow.uexp" 112
"D:/MY PROJECTS/jamgame/jamgame/Content/assets/meshes/char/anim_cardthrow_Montage.uasset" 113
"D:/MY PROJECTS/jamgame/jamgame/Content/assets/meshes/char/anim_cardthrow_Montage.uexp" 114
"D:/MY PROJECTS/jamgame/jamgame/Content/scripts/ai/bp_charhost.uasset" 115
"D:/MY PROJECTS/jamgame/jamgame/Content/scripts/ai/bp_charhost.uexp" 116
"D:/MY PROJECTS/jamgame/jamgame/Content/data/e_mathic.uasset" 117
"D:/MY PROJECTS/jamgame/jamgame/Content/data/e_mathic.uexp" 118
"D:/MY PROJECTS/jamgame/jamgame/Content/assets/materials/meshes/defmat_metal.uasset" 119
"D:/MY PROJECTS/jamgame/jamgame/Content/assets/materials/meshes/defmat_metal.uexp" 120
"D:/MY PROJECTS/jamgame/jamgame/Content/assets/meshes/deco/sm_tabletop2.uasset" 121
"D:/MY PROJECTS/jamgame/jamgame/Content/assets/meshes/deco/sm_tabletop2.uexp" 122
"D:/MY PROJECTS/jamgame/jamgame/Content/scripts/deco/bp_interactive_floortop.uasset" 123
"D:/MY PROJECTS/jamgame/jamgame/Content/scripts/deco/bp_interactive_floortop.uexp" 124
"D:/MY PROJECTS/jamgame/jamgame/Content/assets/fonts/Jost-Medium.uasset" 125
"D:/MY PROJECTS/jamgame/jamgame/Content/assets/fonts/Jost-Medium.uexp" 126
"D:/MY PROJECTS/jamgame/jamgame/Content/assets/fonts/Jost-Medium.ufont" 127
"D:/MY PROJECTS/jamgame/jamgame/Content/assets/fonts/Jost-Medium_Font.uasset" 128
"D:/MY PROJECTS/jamgame/jamgame/Content/assets/fonts/Jost-Medium_Font.uexp" 129
"D:/MY PROJECTS/jamgame/jamgame/Content/assets/ui/ui_donationalert.uasset" 130
"D:/MY PROJECTS/jamgame/jamgame/Content/assets/ui/ui_donationalert.uexp" 131
"D:/MY PROJECTS/jamgame/jamgame/Content/assets/images/textures/t_rps_cardscis.uasset" 132
"D:/MY PROJECTS/jamgame/jamgame/Content/assets/images/textures/t_rps_cardscis.uexp" 133
"D:/MY PROJECTS/jamgame/jamgame/Content/assets/materials/meshes/mat_cardscis.uasset" 134
"D:/MY PROJECTS/jamgame/jamgame/Content/assets/materials/meshes/mat_cardscis.uexp" 135
"D:/MY PROJECTS/jamgame/jamgame/Content/assets/meshes/props/sm_card_rps.uasset" 136
"D:/MY PROJECTS/jamgame/jamgame/Content/assets/meshes/props/sm_card_rps.uexp" 137
"D:/MY PROJECTS/jamgame/jamgame/Content/assets/images/textures/t_cardhealth.uasset" 138
"D:/MY PROJECTS/jamgame/jamgame/Content/assets/images/textures/t_cardhealth.uexp" 139
"D:/MY PROJECTS/jamgame/jamgame/Content/assets/materials/meshes/mat_cardrock.uasset" 140
"D:/MY PROJECTS/jamgame/jamgame/Content/assets/materials/meshes/mat_cardrock.uexp" 141
"D:/MY PROJECTS/jamgame/jamgame/Content/scripts/deco/bp_interactive_cardspec.uasset" 142
"D:/MY PROJECTS/jamgame/jamgame/Content/scripts/deco/bp_interactive_cardspec.uexp" 143
"D:/MY PROJECTS/jamgame/jamgame/Content/assets/sounds/props/se_boxopen.uasset" 144
"D:/MY PROJECTS/jamgame/jamgame/Content/assets/sounds/props/se_boxopen.uexp" 145
"D:/MY PROJECTS/jamgame/jamgame/Content/assets/meshes/props/sm_box2_cover.uasset" 146
"D:/MY PROJECTS/jamgame/jamgame/Content/assets/meshes/props/sm_box2_cover.uexp" 147
"D:/MY PROJECTS/jamgame/jamgame/Content/assets/meshes/props/sm_box2.uasset" 148
"D:/MY PROJECTS/jamgame/jamgame/Content/assets/meshes/props/sm_box2.uexp" 149
"D:/MY PROJECTS/jamgame/jamgame/Content/scripts/deco/bp_boxcardboard.uasset" 150
"D:/MY PROJECTS/jamgame/jamgame/Content/scripts/deco/bp_boxcardboard.uexp" 151
"D:/MY PROJECTS/jamgame/jamgame/Content/assets/sounds/props/se_cart.uasset" 152
"D:/MY PROJECTS/jamgame/jamgame/Content/assets/sounds/props/se_cart.uexp" 153
"D:/MY PROJECTS/jamgame/jamgame/Content/assets/meshes/deco/cart.uasset" 154
"D:/MY PROJECTS/jamgame/jamgame/Content/assets/meshes/deco/cart.uexp" 155
"D:/MY PROJECTS/jamgame/jamgame/Content/scripts/deco/bp_cart.uasset" 156
"D:/MY PROJECTS/jamgame/jamgame/Content/scripts/deco/bp_cart.uexp" 157
"D:/MY PROJECTS/jamgame/jamgame/Content/assets/sounds/props/se_dooropen_fut.uasset" 158
"D:/MY PROJECTS/jamgame/jamgame/Content/assets/sounds/props/se_dooropen_fut.uexp" 159
"D:/MY PROJECTS/jamgame/jamgame/Content/assets/sounds/props/se_accessgranted.uasset" 160
"D:/MY PROJECTS/jamgame/jamgame/Content/assets/sounds/props/se_accessgranted.uexp" 161
"D:/MY PROJECTS/jamgame/jamgame/Content/assets/sounds/props/se_accessdenied.uasset" 162
"D:/MY PROJECTS/jamgame/jamgame/Content/assets/sounds/props/se_accessdenied.uexp" 163
"D:/MY PROJECTS/jamgame/jamgame/Content/assets/sounds/sa_3d.uasset" 164
"D:/MY PROJECTS/jamgame/jamgame/Content/assets/sounds/sa_3d.uexp" 165
"D:/MY PROJECTS/jamgame/jamgame/Content/assets/meshes/props/door2.uasset" 166
"D:/MY PROJECTS/jamgame/jamgame/Content/assets/meshes/props/door2.uexp" 167
"D:/MY PROJECTS/jamgame/jamgame/Content/assets/meshes/props/doorway2.uasset" 168
"D:/MY PROJECTS/jamgame/jamgame/Content/assets/meshes/props/doorway2.uexp" 169
"D:/MY PROJECTS/jamgame/jamgame/Content/assets/materials/meshes/emis_green.uasset" 170
"D:/MY PROJECTS/jamgame/jamgame/Content/assets/materials/meshes/emis_green.uexp" 171
"D:/MY PROJECTS/jamgame/jamgame/Content/scripts/deco/bp_door.uasset" 172
"D:/MY PROJECTS/jamgame/jamgame/Content/scripts/deco/bp_door.uexp" 173
"D:/MY PROJECTS/jamgame/jamgame/Content/scripts/ai/ai/btt/BTT_setfocus.uasset" 174
"D:/MY PROJECTS/jamgame/jamgame/Content/scripts/ai/ai/btt/BTT_setfocus.uexp" 175
"D:/MY PROJECTS/jamgame/jamgame/Content/scripts/ai/ai/PatrolPath.uasset" 176
"D:/MY PROJECTS/jamgame/jamgame/Content/scripts/ai/ai/PatrolPath.uexp" 177
"D:/MY PROJECTS/jamgame/jamgame/Content/StarterContent/Textures/T_Smoke_Tiled_D.uasset" 178
"D:/MY PROJECTS/jamgame/jamgame/Content/StarterContent/Textures/T_Smoke_Tiled_D.uexp" 179
"D:/MY PROJECTS/jamgame/jamgame/Content/StarterContent/Textures/T_Smoke_Tiled_D.ubulk" 180
"D:/MY PROJECTS/jamgame/jamgame/Content/StarterContent/Textures/T_Smoke_SubUV.uasset" 181
"D:/MY PROJECTS/jamgame/jamgame/Content/StarterContent/Textures/T_Smoke_SubUV.uexp" 182
"D:/MY PROJECTS/jamgame/jamgame/Content/StarterContent/Textures/T_Smoke_SubUV.ubulk" 183
"D:/MY PROJECTS/jamgame/jamgame/Content/StarterContent/Particles/Materials/M_smoke_subUV.uasset" 184
"D:/MY PROJECTS/jamgame/jamgame/Content/StarterContent/Particles/Materials/M_smoke_subUV.uexp" 185
"../../../Engine/Content/Functions/Engine_MaterialFunctions01/Gradient/RadialGradient.uasset" 186
"../../../Engine/Content/Functions/Engine_MaterialFunctions01/Gradient/RadialGradient.uexp" 187
"D:/MY PROJECTS/jamgame/jamgame/Content/StarterContent/Particles/Materials/M_radial_ramp.uasset" 188
"D:/MY PROJECTS/jamgame/jamgame/Content/StarterContent/Particles/Materials/M_radial_ramp.uexp" 189
"D:/MY PROJECTS/jamgame/jamgame/Content/StarterContent/Particles/Materials/m_flare_01.uasset" 190
"D:/MY PROJECTS/jamgame/jamgame/Content/StarterContent/Particles/Materials/m_flare_01.uexp" 191
"D:/MY PROJECTS/jamgame/jamgame/Content/StarterContent/Textures/T_Explosion_SubUV.uasset" 192
"D:/MY PROJECTS/jamgame/jamgame/Content/StarterContent/Textures/T_Explosion_SubUV.uexp" 193
"D:/MY PROJECTS/jamgame/jamgame/Content/StarterContent/Textures/T_Explosion_SubUV.ubulk" 194
"D:/MY PROJECTS/jamgame/jamgame/Content/StarterContent/Particles/Materials/M_explosion_subUV.uasset" 195
"D:/MY PROJECTS/jamgame/jamgame/Content/StarterContent/Particles/Materials/M_explosion_subUV.uexp" 196
"D:/MY PROJECTS/jamgame/jamgame/Content/StarterContent/Textures/T_Burst_M.uasset" 197
"D:/MY PROJECTS/jamgame/jamgame/Content/StarterContent/Textures/T_Burst_M.uexp" 198
"D:/MY PROJECTS/jamgame/jamgame/Content/StarterContent/Textures/T_Burst_M.ubulk" 199
"D:/MY PROJECTS/jamgame/jamgame/Content/StarterContent/Particles/Materials/M_Burst.uasset" 200
"D:/MY PROJECTS/jamgame/jamgame/Content/StarterContent/Particles/Materials/M_Burst.uexp" 201
"D:/MY PROJECTS/jamgame/jamgame/Content/StarterContent/Particles/P_Explosion.uasset" 202
"D:/MY PROJECTS/jamgame/jamgame/Content/StarterContent/Particles/P_Explosion.uexp" 203
"D:/MY PROJECTS/jamgame/jamgame/Content/assets/sounds/radial/se_hit_metal3.uasset" 204
"D:/MY PROJECTS/jamgame/jamgame/Content/assets/sounds/radial/se_hit_metal3.uexp" 205
"D:/MY PROJECTS/jamgame/jamgame/Content/assets/sounds/radial/se_hit_metal.uasset" 206
"D:/MY PROJECTS/jamgame/jamgame/Content/assets/sounds/radial/se_hit_metal.uexp" 207
"D:/MY PROJECTS/jamgame/jamgame/Content/assets/sounds/radial/se_hit_metal_Cue.uasset" 208
"D:/MY PROJECTS/jamgame/jamgame/Content/assets/sounds/radial/se_hit_metal_Cue.uexp" 209
"D:/MY PROJECTS/jamgame/jamgame/Content/data/e_aistate.uasset" 210
"D:/MY PROJECTS/jamgame/jamgame/Content/data/e_aistate.uexp" 211
"D:/MY PROJECTS/jamgame/jamgame/Content/assets/sounds/radial/se_explosion4.uasset" 212
"D:/MY PROJECTS/jamgame/jamgame/Content/assets/sounds/radial/se_explosion4.uexp" 213
"D:/MY PROJECTS/jamgame/jamgame/Content/assets/sounds/radial/se_explosion3.uasset" 214
"D:/MY PROJECTS/jamgame/jamgame/Content/assets/sounds/radial/se_explosion3.uexp" 215
"D:/MY PROJECTS/jamgame/jamgame/Content/assets/sounds/radial/se_explosion2.uasset" 216
"D:/MY PROJECTS/jamgame/jamgame/Content/assets/sounds/radial/se_explosion2.uexp" 217
"D:/MY PROJECTS/jamgame/jamgame/Content/assets/sounds/radial/se_explosion.uasset" 218
"D:/MY PROJECTS/jamgame/jamgame/Content/assets/sounds/radial/se_explosion.uexp" 219
"D:/MY PROJECTS/jamgame/jamgame/Content/assets/sounds/props/sc_explosion.uasset" 220
"D:/MY PROJECTS/jamgame/jamgame/Content/assets/sounds/props/sc_explosion.uexp" 221
"D:/MY PROJECTS/jamgame/jamgame/Content/scripts/ai/ai_enemy.uasset" 222
"D:/MY PROJECTS/jamgame/jamgame/Content/scripts/ai/ai_enemy.uexp" 223
"D:/MY PROJECTS/jamgame/jamgame/Content/scripts/ai/ai/btt/BTT_pathindexinc.uasset" 224
"D:/MY PROJECTS/jamgame/jamgame/Content/scripts/ai/ai/btt/BTT_pathindexinc.uexp" 225
"D:/MY PROJECTS/jamgame/jamgame/Content/scripts/ai/ai/btt/BTT_pathindexget.uasset" 226
"D:/MY PROJECTS/jamgame/jamgame/Content/scripts/ai/ai/btt/BTT_pathindexget.uexp" 227
"D:/MY PROJECTS/jamgame/jamgame/Content/scripts/ai/ai/btt/BTT_clearfocus.uasset" 228
"D:/MY PROJECTS/jamgame/jamgame/Content/scripts/ai/ai/btt/BTT_clearfocus.uexp" 229
"D:/MY PROJECTS/jamgame/jamgame/Content/scripts/ai/ai/btt/BTT_attack.uasset" 230
"D:/MY PROJECTS/jamgame/jamgame/Content/scripts/ai/ai/btt/BTT_attack.uexp" 231
"D:/MY PROJECTS/jamgame/jamgame/Content/scripts/ai/ai/BB_worker.uasset" 232
"D:/MY PROJECTS/jamgame/jamgame/Content/scripts/ai/ai/BB_worker.uexp" 233
"D:/MY PROJECTS/jamgame/jamgame/Content/scripts/ai/ai/aibt_robot.uasset" 234
"D:/MY PROJECTS/jamgame/jamgame/Content/scripts/ai/ai/aibt_robot.uexp" 235
"D:/MY PROJECTS/jamgame/jamgame/Content/data/e_aisense.uasset" 236
"D:/MY PROJECTS/jamgame/jamgame/Content/data/e_aisense.uexp" 237
"D:/MY PROJECTS/jamgame/jamgame/Content/scripts/ai/ai/AIC_guard.uasset" 238
"D:/MY PROJECTS/jamgame/jamgame/Content/scripts/ai/ai/AIC_guard.uexp" 239
"D:/MY PROJECTS/jamgame/jamgame/Content/assets/materials/meshes/emis_yel.uasset" 240
"D:/MY PROJECTS/jamgame/jamgame/Content/assets/materials/meshes/emis_yel.uexp" 241
"D:/MY PROJECTS/jamgame/jamgame/Content/assets/meshes/weapons_items/sm_club.uasset" 242
"D:/MY PROJECTS/jamgame/jamgame/Content/assets/meshes/weapons_items/sm_club.uexp" 243
"D:/MY PROJECTS/jamgame/jamgame/Content/assets/meshes/skeletons/skm_pistol_Skeleton.uasset" 244
"D:/MY PROJECTS/jamgame/jamgame/Content/assets/meshes/skeletons/skm_pistol_Skeleton.uexp" 245
"D:/MY PROJECTS/jamgame/jamgame/Content/assets/meshes/weapons_items/skm_pistol.uasset" 246
"D:/MY PROJECTS/jamgame/jamgame/Content/assets/meshes/weapons_items/skm_pistol.uexp" 247
"D:/MY PROJECTS/jamgame/jamgame/Content/assets/meshes/char/anim_idle_briefcase.uasset" 248
"D:/MY PROJECTS/jamgame/jamgame/Content/assets/meshes/char/anim_idle_briefcase.uexp" 249
"D:/MY PROJECTS/jamgame/jamgame/Content/assets/sounds/char/se_mvt_step3.uasset" 250
"D:/MY PROJECTS/jamgame/jamgame/Content/assets/sounds/char/se_mvt_step3.uexp" 251
"D:/MY PROJECTS/jamgame/jamgame/Content/assets/sounds/char/se_mvt_step2.uasset" 252
"D:/MY PROJECTS/jamgame/jamgame/Content/assets/sounds/char/se_mvt_step2.uexp" 253
"D:/MY PROJECTS/jamgame/jamgame/Content/assets/sounds/char/se_mvt_step1.uasset" 254
"D:/MY PROJECTS/jamgame/jamgame/Content/assets/sounds/char/se_mvt_step1.uexp" 255
"D:/MY PROJECTS/jamgame/jamgame/Content/assets/sounds/char/se_step.uasset" 256
"D:/MY PROJECTS/jamgame/jamgame/Content/assets/sounds/char/se_step.uexp" 257
"D:/MY PROJECTS/jamgame/jamgame/Content/assets/meshes/char/anim_walkf.uasset" 258
"D:/MY PROJECTS/jamgame/jamgame/Content/assets/meshes/char/anim_walkf.uexp" 259
"D:/MY PROJECTS/jamgame/jamgame/Content/assets/meshes/char/bs_char.uasset" 260
"D:/MY PROJECTS/jamgame/jamgame/Content/assets/meshes/char/bs_char.uexp" 261
"D:/MY PROJECTS/jamgame/jamgame/Content/assets/meshes/char/ab_char.uasset" 262
"D:/MY PROJECTS/jamgame/jamgame/Content/assets/meshes/char/ab_char.uexp" 263
"D:/MY PROJECTS/jamgame/jamgame/Content/assets/meshes/char/pa_guard.uasset" 264
"D:/MY PROJECTS/jamgame/jamgame/Content/assets/meshes/char/pa_guard.uexp" 265
"D:/MY PROJECTS/jamgame/jamgame/Content/assets/meshes/char/skm_guard.uasset" 266
"D:/MY PROJECTS/jamgame/jamgame/Content/assets/meshes/char/skm_guard.uexp" 267
"D:/MY PROJECTS/jamgame/jamgame/Content/assets/meshes/char/anim_attack.uasset" 268
"D:/MY PROJECTS/jamgame/jamgame/Content/assets/meshes/char/anim_attack.uexp" 269
"D:/MY PROJECTS/jamgame/jamgame/Content/assets/meshes/char/anim_attack_Montage.uasset" 270
"D:/MY PROJECTS/jamgame/jamgame/Content/assets/meshes/char/anim_attack_Montage.uexp" 271
"D:/MY PROJECTS/jamgame/jamgame/Content/scripts/ai/bp_charguard.uasset" 272
"D:/MY PROJECTS/jamgame/jamgame/Content/scripts/ai/bp_charguard.uexp" 273
"D:/MY PROJECTS/jamgame/jamgame/Content/assets/ui/ui_exodus_death.uasset" 274
"D:/MY PROJECTS/jamgame/jamgame/Content/assets/ui/ui_exodus_death.uexp" 275
"D:/MY PROJECTS/jamgame/jamgame/Content/assets/sounds/radial/se_eardrill_l.uasset" 276
"D:/MY PROJECTS/jamgame/jamgame/Content/assets/sounds/radial/se_eardrill_l.uexp" 277
"D:/MY PROJECTS/jamgame/jamgame/Content/assets/sounds/radial/se_earcut_l.uasset" 278
"D:/MY PROJECTS/jamgame/jamgame/Content/assets/sounds/radial/se_earcut_l.uexp" 279
"D:/MY PROJECTS/jamgame/jamgame/Content/assets/sounds/props/se_knockmetal.uasset" 280
"D:/MY PROJECTS/jamgame/jamgame/Content/assets/sounds/props/se_knockmetal.uexp" 281
"D:/MY PROJECTS/jamgame/jamgame/Content/data/e_event.uasset" 282
"D:/MY PROJECTS/jamgame/jamgame/Content/data/e_event.uexp" 283
"D:/MY PROJECTS/jamgame/jamgame/Content/data/e_character.uasset" 284
"D:/MY PROJECTS/jamgame/jamgame/Content/data/e_character.uexp" 285
"D:/MY PROJECTS/jamgame/jamgame/Content/assets/sounds/char/se_voice_m04.uasset" 286
"D:/MY PROJECTS/jamgame/jamgame/Content/assets/sounds/char/se_voice_m04.uexp" 287
"D:/MY PROJECTS/jamgame/jamgame/Content/scripts/deco/bp_doormain.uasset" 288
"D:/MY PROJECTS/jamgame/jamgame/Content/scripts/deco/bp_doormain.uexp" 289
"D:/MY PROJECTS/jamgame/jamgame/Content/assets/sounds/props/se_doorbell.uasset" 290
"D:/MY PROJECTS/jamgame/jamgame/Content/assets/sounds/props/se_doorbell.uexp" 291
"D:/MY PROJECTS/jamgame/jamgame/Content/assets/sounds/char/se_eardrill.uasset" 292
"D:/MY PROJECTS/jamgame/jamgame/Content/assets/sounds/char/se_eardrill.uexp" 293
"D:/MY PROJECTS/jamgame/jamgame/Content/assets/sounds/char/se_creep.uasset" 294
"D:/MY PROJECTS/jamgame/jamgame/Content/assets/sounds/char/se_creep.uexp" 295
"D:/MY PROJECTS/jamgame/jamgame/Content/scripts/player/bpmode_gs.uasset" 296
"D:/MY PROJECTS/jamgame/jamgame/Content/scripts/player/bpmode_gs.uexp" 297
"D:/MY PROJECTS/jamgame/jamgame/Content/assets/sounds/char/se_voice_f02.uasset" 298
"D:/MY PROJECTS/jamgame/jamgame/Content/assets/sounds/char/se_voice_f02.uexp" 299
"D:/MY PROJECTS/jamgame/jamgame/Content/assets/sounds/char/se_voice_f01.uasset" 300
"D:/MY PROJECTS/jamgame/jamgame/Content/assets/sounds/char/se_voice_f01.uexp" 301
"D:/MY PROJECTS/jamgame/jamgame/Content/data/s_questions.uasset" 302
"D:/MY PROJECTS/jamgame/jamgame/Content/data/s_questions.uexp" 303
"D:/MY PROJECTS/jamgame/jamgame/Content/data/dt_questions_survey.uasset" 304
"D:/MY PROJECTS/jamgame/jamgame/Content/data/dt_questions_survey.uexp" 305
"D:/MY PROJECTS/jamgame/jamgame/Content/assets/sounds/ui/se_click.uasset" 306
"D:/MY PROJECTS/jamgame/jamgame/Content/assets/sounds/ui/se_click.uexp" 307
"D:/MY PROJECTS/jamgame/jamgame/Content/assets/sounds/ui/se_button_camera.uasset" 308
"D:/MY PROJECTS/jamgame/jamgame/Content/assets/sounds/ui/se_button_camera.uexp" 309
"D:/MY PROJECTS/jamgame/jamgame/Content/assets/ui/w_escmenu.uasset" 310
"D:/MY PROJECTS/jamgame/jamgame/Content/assets/ui/w_escmenu.uexp" 311
"D:/MY PROJECTS/jamgame/jamgame/Content/assets/ui/ui_itemdefinition.uasset" 312
"D:/MY PROJECTS/jamgame/jamgame/Content/assets/ui/ui_itemdefinition.uexp" 313
"D:/MY PROJECTS/jamgame/jamgame/Content/assets/images/ui/t_crosshair_def.uasset" 314
"D:/MY PROJECTS/jamgame/jamgame/Content/assets/images/ui/t_crosshair_def.uexp" 315
"D:/MY PROJECTS/jamgame/jamgame/Content/assets/ui/ui_hud.uasset" 316
"D:/MY PROJECTS/jamgame/jamgame/Content/assets/ui/ui_hud.uexp" 317
"D:/MY PROJECTS/jamgame/jamgame/Content/assets/ui/ui_fadeout.uasset" 318
"D:/MY PROJECTS/jamgame/jamgame/Content/assets/ui/ui_fadeout.uexp" 319
"D:/MY PROJECTS/jamgame/jamgame/Content/assets/ui/ui_fadein.uasset" 320
"D:/MY PROJECTS/jamgame/jamgame/Content/assets/ui/ui_fadein.uexp" 321
"D:/MY PROJECTS/jamgame/jamgame/Content/data/s_subtitle.uasset" 322
"D:/MY PROJECTS/jamgame/jamgame/Content/data/s_subtitle.uexp" 323
"D:/MY PROJECTS/jamgame/jamgame/Content/assets/ui/ui_extra_sub.uasset" 324
"D:/MY PROJECTS/jamgame/jamgame/Content/assets/ui/ui_extra_sub.uexp" 325
"D:/MY PROJECTS/jamgame/jamgame/Content/assets/meshes/skeletons/sk_hand.uasset" 326
"D:/MY PROJECTS/jamgame/jamgame/Content/assets/meshes/skeletons/sk_hand.uexp" 327
"D:/MY PROJECTS/jamgame/jamgame/Content/assets/meshes/char/anim_fps_idle.uasset" 328
"D:/MY PROJECTS/jamgame/jamgame/Content/assets/meshes/char/anim_fps_idle.uexp" 329
"D:/MY PROJECTS/jamgame/jamgame/Content/assets/meshes/char/ab_fps.uasset" 330
"D:/MY PROJECTS/jamgame/jamgame/Content/assets/meshes/char/ab_fps.uexp" 331
"D:/MY PROJECTS/jamgame/jamgame/Content/assets/meshes/char/pa_doctor.uasset" 332
"D:/MY PROJECTS/jamgame/jamgame/Content/assets/meshes/char/pa_doctor.uexp" 333
"D:/MY PROJECTS/jamgame/jamgame/Content/assets/meshes/char/skm_doctor.uasset" 334
"D:/MY PROJECTS/jamgame/jamgame/Content/assets/meshes/char/skm_doctor.uexp" 335
"D:/MY PROJECTS/jamgame/jamgame/Content/scripts/player/bp_mc.uasset" 336
"D:/MY PROJECTS/jamgame/jamgame/Content/scripts/player/bp_mc.uexp" 337
"D:/MY PROJECTS/jamgame/jamgame/Content/scripts/player/bpmode_gnb.uasset" 338
"D:/MY PROJECTS/jamgame/jamgame/Content/scripts/player/bpmode_gnb.uexp" 339
"../../../Engine/Content/EngineMaterials/T_Default_Material_Grid_N.uasset" 340
"../../../Engine/Content/EngineMaterials/T_Default_Material_Grid_N.uexp" 341
"../../../Engine/Content/EngineMaterials/T_Default_Material_Grid_N.ubulk" 342
"../../../Engine/Content/EngineMaterials/T_Default_Material_Grid_M.uasset" 343
"../../../Engine/Content/EngineMaterials/T_Default_Material_Grid_M.uexp" 344
"../../../Engine/Content/EngineMaterials/T_Default_Material_Grid_M.ubulk" 345
"../../../Engine/Content/Functions/Engine_MaterialFunctions01/Opacity/CameraDepthFade.uasset" 346
"../../../Engine/Content/Functions/Engine_MaterialFunctions01/Opacity/CameraDepthFade.uexp" 347
"../../../Engine/Content/EngineMaterials/WorldGridMaterial.uasset" 348
"../../../Engine/Content/EngineMaterials/WorldGridMaterial.uexp" 349
"../../../Engine/Content/ArtTools/RenderToTexture/Meshes/S_1_Unit_Plane.uasset" 350
"../../../Engine/Content/ArtTools/RenderToTexture/Meshes/S_1_Unit_Plane.uexp" 351
"../../../Engine/Content/EngineMaterials/DefaultMaterial.uasset" 352
"../../../Engine/Content/EngineMaterials/DefaultMaterial.uexp" 353
"../../../Engine/Content/BasicShapes/Cone.uasset" 354
"../../../Engine/Content/BasicShapes/Cone.uexp" 355
"../../../Engine/Content/BasicShapes/Cube.uasset" 356
"../../../Engine/Content/BasicShapes/Cube.uexp" 357
"../../../Engine/Content/BasicShapes/Plane.uasset" 358
"../../../Engine/Content/BasicShapes/Plane.uexp" 359
"../../../Engine/Content/BasicShapes/Sphere.uasset" 360
"../../../Engine/Content/BasicShapes/Sphere.uexp" 361
"../../../Engine/Content/EditorLandscapeResources/DataLayer.uasset" 362
"../../../Engine/Content/EditorLandscapeResources/DataLayer.uexp" 363
"../../../Engine/Content/EditorLandscapeResources/DefaultAlphaTexture.uasset" 364
"../../../Engine/Content/EditorLandscapeResources/DefaultAlphaTexture.uexp" 365
"../../../Engine/Content/EditorMaterials/MAT_Groups_Toggle.uasset" 366
"../../../Engine/Content/EditorMaterials/MAT_Groups_Toggle.uexp" 367
"../../../Engine/Content/EditorMaterials/MAT_Groups_Visibility.uasset" 368
"../../../Engine/Content/EditorMaterials/MAT_Groups_Visibility.uexp" 369
"../../../Engine/Content/EditorMaterials/PreviewShadowIndicator.uasset" 370
"../../../Engine/Content/EditorMaterials/PreviewShadowIndicator.uexp" 371
"../../../Engine/Content/EditorMaterials/PreviewShadowIndicator.ubulk" 372
"../../../Engine/Content/EditorMaterials/PreviewShadowIndicatorMaterial.uasset" 373
"../../../Engine/Content/EditorMaterials/PreviewShadowIndicatorMaterial.uexp" 374
"../../../Engine/Content/EditorMaterials/MatineeGroups/MAT_ColorTrack.uasset" 375
"../../../Engine/Content/EditorMaterials/MatineeGroups/MAT_ColorTrack.uexp" 376
"../../../Engine/Content/EditorMaterials/MatineeGroups/MAT_Groups_Anim.uasset" 377
"../../../Engine/Content/EditorMaterials/MatineeGroups/MAT_Groups_Anim.uexp" 378
"../../../Engine/Content/EditorMaterials/MatineeGroups/MAT_Groups_AudioMaster.uasset" 379
"../../../Engine/Content/EditorMaterials/MatineeGroups/MAT_Groups_AudioMaster.uexp" 380
"../../../Engine/Content/EditorMaterials/MatineeGroups/MAT_Groups_Director.uasset" 381
"../../../Engine/Content/EditorMaterials/MatineeGroups/MAT_Groups_Director.uexp" 382
"../../../Engine/Content/EditorMaterials/MatineeGroups/MAT_Groups_Event.uasset" 383
"../../../Engine/Content/EditorMaterials/MatineeGroups/MAT_Groups_Event.uexp" 384
"../../../Engine/Content/EditorMaterials/MatineeGroups/MAT_Groups_Fade.uasset" 385
"../../../Engine/Content/EditorMaterials/MatineeGroups/MAT_Groups_Fade.uexp" 386
"../../../Engine/Content/EditorMaterials/MatineeGroups/MAT_Groups_Float.uasset" 387
"../../../Engine/Content/EditorMaterials/MatineeGroups/MAT_Groups_Float.uexp" 388
"../../../Engine/Content/EditorMaterials/MatineeGroups/MAT_Groups_Move.uasset" 389
"../../../Engine/Content/EditorMaterials/MatineeGroups/MAT_Groups_Move.uexp" 390
"../../../Engine/Content/EditorMaterials/MatineeGroups/MAT_Groups_Slomo.uasset" 391
"../../../Engine/Content/EditorMaterials/MatineeGroups/MAT_Groups_Slomo.uexp" 392
"../../../Engine/Content/EditorMaterials/MatineeGroups/MAT_Groups_Sound.uasset" 393
"../../../Engine/Content/EditorMaterials/MatineeGroups/MAT_Groups_Sound.uexp" 394
"../../../Engine/Content/EditorMaterials/MatineeGroups/MAT_Groups_Vector.uasset" 395
"../../../Engine/Content/EditorMaterials/MatineeGroups/MAT_Groups_Vector.uexp" 396
"../../../Engine/Content/EditorMaterials/ParticleSystems/PSysThumbnail_NoImage.uasset" 397
"../../../Engine/Content/EditorMaterials/ParticleSystems/PSysThumbnail_NoImage.uexp" 398
"../../../Engine/Content/EditorMaterials/ParticleSystems/PSysThumbnail_NoImage.ubulk" 399
"../../../Engine/Content/EditorMaterials/ParticleSystems/PSysThumbnail_OOD.uasset" 400
"../../../Engine/Content/EditorMaterials/ParticleSystems/PSysThumbnail_OOD.uexp" 401
"../../../Engine/Content/EditorMaterials/ParticleSystems/PSysThumbnail_OOD.ubulk" 402
"../../../Engine/Content/EditorMaterials/Camera/CineMat.uasset" 403
"../../../Engine/Content/EditorMaterials/Camera/CineMat.uexp" 404
"../../../Engine/Content/EditorMaterials/Camera/MI_CineMat_Rig.uasset" 405
"../../../Engine/Content/EditorMaterials/Camera/MI_CineMat_Rig.uexp" 406
"../../../Engine/Content/EditorMeshes/Camera/SM_CraneRig_Arm.uasset" 407
"../../../Engine/Content/EditorMeshes/Camera/SM_CraneRig_Arm.uexp" 408
"../../../Engine/Content/EditorMeshes/Camera/SM_CraneRig_Base.uasset" 409
"../../../Engine/Content/EditorMeshes/Camera/SM_CraneRig_Base.uexp" 410
"../../../Engine/Content/EditorMeshes/Camera/SM_CraneRig_Body.uasset" 411
"../../../Engine/Content/EditorMeshes/Camera/SM_CraneRig_Body.uexp" 412
"../../../Engine/Content/EditorMeshes/Camera/SM_CraneRig_Mount.uasset" 413
"../../../Engine/Content/EditorMeshes/Camera/SM_CraneRig_Mount.uexp" 414
"../../../Engine/Content/EditorMeshes/Camera/SM_RailRig_Mount.uasset" 415
"../../../Engine/Content/EditorMeshes/Camera/SM_RailRig_Mount.uexp" 416
"../../../Engine/Content/EditorMeshes/Camera/SM_RailRig_Track.uasset" 417
"../../../Engine/Content/EditorMeshes/Camera/SM_RailRig_Track.uexp" 418
"../../../Engine/Content/EditorResources/BSPVertex.uasset" 419
"../../../Engine/Content/EditorResources/BSPVertex.uexp" 420
"../../../Engine/Content/EditorResources/EmptyActor.uasset" 421
"../../../Engine/Content/EditorResources/EmptyActor.uexp" 422
"../../../Engine/Content/EditorResources/S_Actor.uasset" 423
"../../../Engine/Content/EditorResources/S_Actor.uexp" 424
"../../../Engine/Content/EditorResources/S_Actor.ubulk" 425
"../../../Engine/Content/EditorResources/S_Note.uasset" 426
"../../../Engine/Content/EditorResources/S_Note.uexp" 427
"../../../Engine/Content/EditorResources/S_Note.ubulk" 428
"../../../Engine/Content/EditorResources/S_Solver.uasset" 429
"../../../Engine/Content/EditorResources/S_Solver.uexp" 430
"../../../Engine/Content/EditorResources/S_Solver.ubulk" 431
"../../../Engine/Content/EditorResources/S_Terrain.uasset" 432
"../../../Engine/Content/EditorResources/S_Terrain.uexp" 433
"../../../Engine/Content/EditorResources/S_Terrain.ubulk" 434
"../../../Engine/Content/EditorResources/S_Trigger.uasset" 435
"../../../Engine/Content/EditorResources/S_Trigger.uexp" 436
"../../../Engine/Content/EditorResources/S_Trigger.ubulk" 437
"../../../Engine/Content/EditorResources/AudioIcons/S_AudioComponent_AutoActivate.uasset" 438
"../../../Engine/Content/EditorResources/AudioIcons/S_AudioComponent_AutoActivate.uexp" 439
"../../../Engine/Content/EditorResources/AudioIcons/S_AudioComponent_AutoActivate.ubulk" 440
"../../../Engine/Content/EditorResources/LightIcons/S_LightError.uasset" 441
"../../../Engine/Content/EditorResources/LightIcons/S_LightError.uexp" 442
"../../../Engine/Content/EditorResources/SequenceRecorder/Countdown.uasset" 443
"../../../Engine/Content/EditorResources/SequenceRecorder/Countdown.uexp" 444
"../../../Engine/Content/EditorResources/SequenceRecorder/RecordingIndicator.uasset" 445
"../../../Engine/Content/EditorResources/SequenceRecorder/RecordingIndicator.uexp" 446
"../../../Engine/Content/EngineDamageTypes/DmgTypeBP_Environmental.uasset" 447
"../../../Engine/Content/EngineDamageTypes/DmgTypeBP_Environmental.uexp" 448
"../../../Engine/Content/EngineDebugMaterials/DebugEditorMaterial.uasset" 449
"../../../Engine/Content/EngineDebugMaterials/DebugEditorMaterial.uexp" 450
"../../../Engine/Content/EngineDebugMaterials/DebugMeshMaterial.uasset" 451
"../../../Engine/Content/EngineDebugMaterials/DebugMeshMaterial.uexp" 452
"../../../Engine/Content/EngineDebugMaterials/M_SimpleUnlitTranslucent.uasset" 453
"../../../Engine/Content/EngineDebugMaterials/M_SimpleUnlitTranslucent.uexp" 454
"../../../Engine/Content/EngineDebugMaterials/VolumeToRender.uasset" 455
"../../../Engine/Content/EngineDebugMaterials/VolumeToRender.uexp" 456
"../../../Engine/Content/Functions/Engine_MaterialFunctions02/Utility/CameraDirectionVector.uasset" 457
"../../../Engine/Content/Functions/Engine_MaterialFunctions02/Utility/CameraDirectionVector.uexp" 458
"../../../Engine/Content/EngineDebugMaterials/M_VolumeRenderSphereTracePP.uasset" 459
"../../../Engine/Content/EngineDebugMaterials/M_VolumeRenderSphereTracePP.uexp" 460
"../../../Engine/Content/Functions/Engine_MaterialFunctions01/Shading/ConvertFromDiffSpec.uasset" 461
"../../../Engine/Content/Functions/Engine_MaterialFunctions01/Shading/ConvertFromDiffSpec.uexp" 462
"../../../Engine/Content/EngineDebugMaterials/VertexColorMaterial.uasset" 463
"../../../Engine/Content/EngineDebugMaterials/VertexColorMaterial.uexp" 464
"../../../Engine/Content/EngineDebugMaterials/WireframeMaterial.uasset" 465
"../../../Engine/Content/EngineDebugMaterials/WireframeMaterial.uexp" 466
"../../../Engine/Content/EngineFonts/Faces/RobotoRegular.uasset" 467
"../../../Engine/Content/EngineFonts/Faces/RobotoRegular.uexp" 468
"../../../Engine/Content/EngineFonts/Faces/RobotoRegular.ufont" 469
"../../../Engine/Content/EngineFonts/Faces/RobotoLight.uasset" 470
"../../../Engine/Content/EngineFonts/Faces/RobotoLight.uexp" 471
"../../../Engine/Content/EngineFonts/Faces/RobotoLight.ufont" 472
"../../../Engine/Content/EngineFonts/Faces/RobotoItalic.uasset" 473
"../../../Engine/Content/EngineFonts/Faces/RobotoItalic.uexp" 474
"../../../Engine/Content/EngineFonts/Faces/RobotoItalic.ufont" 475
"../../../Engine/Content/EngineFonts/Faces/RobotoBoldItalic.uasset" 476
"../../../Engine/Content/EngineFonts/Faces/RobotoBoldItalic.uexp" 477
"../../../Engine/Content/EngineFonts/Faces/RobotoBoldItalic.ufont" 478
"../../../Engine/Content/EngineFonts/Faces/RobotoBold.uasset" 479
"../../../Engine/Content/EngineFonts/Faces/RobotoBold.uexp" 480
"../../../Engine/Content/EngineFonts/Faces/RobotoBold.ufont" 481
"../../../Engine/Content/EngineFonts/Faces/DroidSansFallback.uasset" 482
"../../../Engine/Content/EngineFonts/Faces/DroidSansFallback.uexp" 483
"../../../Engine/Content/EngineFonts/Faces/DroidSansFallback.ufont" 484
"../../../Engine/Content/EngineFonts/Roboto.uasset" 485
"../../../Engine/Content/EngineFonts/Roboto.uexp" 486
"../../../Engine/Content/EngineMaterials/BaseFlattenNormalMap.uasset" 487
"../../../Engine/Content/EngineMaterials/BaseFlattenNormalMap.uexp" 488
"../../../Engine/Content/EngineMaterials/BaseFlattenGrayscaleMap.uasset" 489
"../../../Engine/Content/EngineMaterials/BaseFlattenGrayscaleMap.uexp" 490
"../../../Engine/Content/EngineMaterials/BaseFlattenEmissiveMap.uasset" 491
"../../../Engine/Content/EngineMaterials/BaseFlattenEmissiveMap.uexp" 492
"../../../Engine/Content/EngineMaterials/BaseFlattenDiffuseMap.uasset" 493
"../../../Engine/Content/EngineMaterials/BaseFlattenDiffuseMap.uexp" 494
"../../../Engine/Content/EngineMaterials/BaseFlattenMaterial.uasset" 495
"../../../Engine/Content/EngineMaterials/BaseFlattenMaterial.uexp" 496
"../../../Engine/Content/EngineMaterials/BlueNoise.uasset" 497
"../../../Engine/Content/EngineMaterials/BlueNoise.uexp" 498
"../../../Engine/Content/EngineMaterials/DefaultBloomKernel.uasset" 499
"../../../Engine/Content/EngineMaterials/DefaultBloomKernel.uexp" 500
"../../../Engine/Content/EngineMaterials/DefaultBokeh.uasset" 501
"../../../Engine/Content/EngineMaterials/DefaultBokeh.uexp" 502
"../../../Engine/Content/EngineMaterials/DefaultDiffuse.uasset" 503
"../../../Engine/Content/EngineMaterials/DefaultDiffuse.uexp" 504
"../../../Engine/Content/EngineMaterials/DefaultDiffuse.ubulk" 505
"../../../Engine/Content/EngineMaterials/DefaultDeferredDecalMaterial.uasset" 506
"../../../Engine/Content/EngineMaterials/DefaultDeferredDecalMaterial.uexp" 507
"../../../Engine/Content/EngineMaterials/DefaultLightFunctionMaterial.uasset" 508
"../../../Engine/Content/EngineMaterials/DefaultLightFunctionMaterial.uexp" 509
"../../../Engine/Content/EngineMaterials/DefaultPhysicalMaterial.uasset" 510
"../../../Engine/Content/EngineMaterials/DefaultPhysicalMaterial.uexp" 511
"../../../Engine/Content/Functions/Engine_MaterialFunctions02/Utility/BreakOutFloat2Components.uasset" 512
"../../../Engine/Content/Functions/Engine_MaterialFunctions02/Utility/BreakOutFloat2Components.uexp" 513
"../../../Engine/Content/EngineMaterials/DefaultPostProcessMaterial.uasset" 514
"../../../Engine/Content/EngineMaterials/DefaultPostProcessMaterial.uexp" 515
"../../../Engine/Content/EngineFonts/RobotoDistanceField.uasset" 516
"../../../Engine/Content/EngineFonts/RobotoDistanceField.uexp" 517
"../../../Engine/Content/EngineMaterials/DefaultTextMaterialOpaque.uasset" 518
"../../../Engine/Content/EngineMaterials/DefaultTextMaterialOpaque.uexp" 519
"../../../Engine/Content/EngineMaterials/DefaultWhiteGrid.uasset" 520
"../../../Engine/Content/EngineMaterials/DefaultWhiteGrid.uexp" 521
"../../../Engine/Content/EngineMaterials/DefaultWhiteGrid.ubulk" 522
"../../../Engine/Content/EngineMaterials/DefaultWhiteGrid_Low.uasset" 523
"../../../Engine/Content/EngineMaterials/DefaultWhiteGrid_Low.uexp" 524
"../../../Engine/Content/EngineMaterials/EmissiveMeshMaterial.uasset" 525
"../../../Engine/Content/EngineMaterials/EmissiveMeshMaterial.uexp" 526
"../../../Engine/Content/EngineMaterials/GizmoMaterial.uasset" 527
"../../../Engine/Content/EngineMaterials/GizmoMaterial.uexp" 528
"../../../Engine/Content/EngineMaterials/Good64x64TilingNoiseHighFreq.uasset" 529
"../../../Engine/Content/EngineMaterials/Good64x64TilingNoiseHighFreq.uexp" 530
"../../../Engine/Content/EngineMaterials/MiniFont.uasset" 531
"../../../Engine/Content/EngineMaterials/MiniFont.uexp" 532
"../../../Engine/Content/EngineMaterials/InvalidLightmapSettings.uasset" 533
"../../../Engine/Content/EngineMaterials/InvalidLightmapSettings.uexp" 534
"../../../Engine/Content/EngineMaterials/InvalidLightmapSettings.ubulk" 535
"../../../Engine/Content/EngineMaterials/M_InvalidLightmapSettings.uasset" 536
"../../../Engine/Content/EngineMaterials/M_InvalidLightmapSettings.uexp" 537
"../../../Engine/Content/Functions/Engine_MaterialFunctions02/WorldPositionOffset/CameraOffset.uasset" 538
"../../../Engine/Content/Functions/Engine_MaterialFunctions02/WorldPositionOffset/CameraOffset.uexp" 539
"../../../Engine/Content/EngineMaterials/PhAT_JointLimitMaterial.uasset" 540
"../../../Engine/Content/EngineMaterials/PhAT_JointLimitMaterial.uexp" 541
"../../../Engine/Content/EngineMaterials/DefaultCalibrationColor.uasset" 542
"../../../Engine/Content/EngineMaterials/DefaultCalibrationColor.uexp" 543
"../../../Engine/Content/EngineMaterials/PPM_DefaultCalibrationColor.uasset" 544
"../../../Engine/Content/EngineMaterials/PPM_DefaultCalibrationColor.uexp" 545
"../../../Engine/Content/EngineMaterials/DefaultCalibrationGrayscale.uasset" 546
"../../../Engine/Content/EngineMaterials/DefaultCalibrationGrayscale.uexp" 547
"../../../Engine/Content/EngineMaterials/PPM_DefaultCalibrationGrayscale.uasset" 548
"../../../Engine/Content/EngineMaterials/PPM_DefaultCalibrationGrayscale.uexp" 549
"../../../Engine/Content/EngineMaterials/PreintegratedSkinBRDF.uasset" 550
"../../../Engine/Content/EngineMaterials/PreintegratedSkinBRDF.uexp" 551
"../../../Engine/Content/EngineMaterials/RemoveSurfaceMaterial.uasset" 552
"../../../Engine/Content/EngineMaterials/RemoveSurfaceMaterial.uexp" 553
"../../../Engine/Content/EngineMaterials/WeightMapPlaceholderTexture.uasset" 554
"../../../Engine/Content/EngineMaterials/WeightMapPlaceholderTexture.uexp" 555
"../../../Engine/Content/EngineResources/WhiteSquareTexture.uasset" 556
"../../../Engine/Content/EngineResources/WhiteSquareTexture.uexp" 557
"../../../Engine/Content/EngineMaterials/Widget3DPassThrough.uasset" 558
"../../../Engine/Content/EngineMaterials/Widget3DPassThrough.uexp" 559
"../../../Engine/Content/EngineMaterials/Widget3DPassThrough_Masked.uasset" 560
"../../../Engine/Content/EngineMaterials/Widget3DPassThrough_Masked.uexp" 561
"../../../Engine/Content/EngineMaterials/Widget3DPassThrough_Opaque.uasset" 562
"../../../Engine/Content/EngineMaterials/Widget3DPassThrough_Opaque.uexp" 563
"../../../Engine/Content/EngineMaterials/Widget3DPassThrough_Masked_OneSided.uasset" 564
"../../../Engine/Content/EngineMaterials/Widget3DPassThrough_Masked_OneSided.uexp" 565
"../../../Engine/Content/EngineMaterials/Widget3DPassThrough_Opaque_OneSided.uasset" 566
"../../../Engine/Content/EngineMaterials/Widget3DPassThrough_Opaque_OneSided.uexp" 567
"../../../Engine/Content/EngineMaterials/Widget3DPassThrough_Translucent.uasset" 568
"../../../Engine/Content/EngineMaterials/Widget3DPassThrough_Translucent.uexp" 569
"../../../Engine/Content/EngineMaterials/Widget3DPassThrough_Translucent_OneSided.uasset" 570
"../../../Engine/Content/EngineMaterials/Widget3DPassThrough_Translucent_OneSided.uexp" 571
"../../../Engine/Content/EngineMeshes/Cylinder.uasset" 572
"../../../Engine/Content/EngineMeshes/Cylinder.uexp" 573
"../../../Engine/Content/EngineMeshes/Sphere.uasset" 574
"../../../Engine/Content/EngineMeshes/Sphere.uexp" 575
"../../../Engine/Content/EngineResources/DefaultTexture.uasset" 576
"../../../Engine/Content/EngineResources/DefaultTexture.uexp" 577
"../../../Engine/Content/EngineResources/DefaultTexture.ubulk" 578
"../../../Engine/Content/EngineResources/DefaultTextureCube.uasset" 579
"../../../Engine/Content/EngineResources/DefaultTextureCube.uexp" 580
"../../../Engine/Content/EngineResources/DefaultVolumeTexture2D.uasset" 581
"../../../Engine/Content/EngineResources/DefaultVolumeTexture2D.uexp" 582
"../../../Engine/Content/EngineResources/DefaultVolumeTexture.uasset" 583
"../../../Engine/Content/EngineResources/DefaultVolumeTexture.uexp" 584
"../../../Engine/Content/EngineResources/GradientTexture0.uasset" 585
"../../../Engine/Content/EngineResources/GradientTexture0.uexp" 586
"../../../Engine/Content/EngineSky/VolumetricClouds/T_NoiseShape64.uasset" 587
"../../../Engine/Content/EngineSky/VolumetricClouds/T_NoiseShape64.uexp" 588
"../../../Engine/Content/EngineSky/VolumetricClouds/T_NoiseShape64.ubulk" 589
"../../../Engine/Content/EngineSky/VolumetricClouds/T_VolumeNoiseShape64.uasset" 590
"../../../Engine/Content/EngineSky/VolumetricClouds/T_VolumeNoiseShape64.uexp" 591
"../../../Engine/Content/EngineSky/VolumetricClouds/T_NoiseErosion.uasset" 592
"../../../Engine/Content/EngineSky/VolumetricClouds/T_NoiseErosion.uexp" 593
"../../../Engine/Content/EngineSky/VolumetricClouds/T_NoiseErosion.ubulk" 594
"../../../Engine/Content/EngineSky/VolumetricClouds/T_VolumeNoiseErosion32.uasset" 595
"../../../Engine/Content/EngineSky/VolumetricClouds/T_VolumeNoiseErosion32.uexp" 596
"../../../Engine/Content/EngineSky/VolumetricClouds/CloudWeatherTexture.uasset" 597
"../../../Engine/Content/EngineSky/VolumetricClouds/CloudWeatherTexture.uexp" 598
"../../../Engine/Content/EngineSky/VolumetricClouds/CloudGradientTexture.uasset" 599
"../../../Engine/Content/EngineSky/VolumetricClouds/CloudGradientTexture.uexp" 600
"../../../Engine/Content/Functions/Engine_MaterialFunctions02/Utility/MakeFloat2.uasset" 601
"../../../Engine/Content/Functions/Engine_MaterialFunctions02/Utility/MakeFloat2.uexp" 602
"../../../Engine/Content/EngineSky/VolumetricClouds/m_SimpleVolumetricCloud.uasset" 603
"../../../Engine/Content/EngineSky/VolumetricClouds/m_SimpleVolumetricCloud.uexp" 604
"../../../Engine/Content/EngineSky/VolumetricClouds/m_SimpleVolumetricCloud_Inst.uasset" 605
"../../../Engine/Content/EngineSky/VolumetricClouds/m_SimpleVolumetricCloud_Inst.uexp" 606
"../../../Engine/Content/EngineSounds/Master.uasset" 607
"../../../Engine/Content/EngineSounds/Master.uexp" 608
"../../../Engine/Content/Functions/Engine_MaterialFunctions01/Shading/PowerToRoughness.uasset" 609
"../../../Engine/Content/Functions/Engine_MaterialFunctions01/Shading/PowerToRoughness.uexp" 610
"../../../Engine/Content/Maps/Templates/Thumbnails/Default.uasset" 611
"../../../Engine/Content/Maps/Templates/Thumbnails/Default.uexp" 612
"../../../Engine/Content/Maps/Templates/Thumbnails/TimeOfDay.uasset" 613
"../../../Engine/Content/Maps/Templates/Thumbnails/TimeOfDay.uexp" 614
"../../../Engine/Content/Maps/Templates/Thumbnails/VR-Basic.uasset" 615
"../../../Engine/Content/Maps/Templates/Thumbnails/VR-Basic.uexp" 616
"../../../Engine/Content/MobileResources/T_MobileControls_texture.uasset" 617
"../../../Engine/Content/MobileResources/T_MobileControls_texture.uexp" 618
"../../../Engine/Content/MobileResources/T_MobileMenu2.uasset" 619
"../../../Engine/Content/MobileResources/T_MobileMenu2.uexp" 620
"../../../Engine/Content/MobileResources/HUD/AnalogHat.uasset" 621
"../../../Engine/Content/MobileResources/HUD/AnalogHat.uexp" 622
"../../../Engine/Content/MobileResources/HUD/VirtualJoystick_Thumb.uasset" 623
"../../../Engine/Content/MobileResources/HUD/VirtualJoystick_Thumb.uexp" 624
"../../../Engine/Content/MobileResources/HUD/VirtualJoystick_Background.uasset" 625
"../../../Engine/Content/MobileResources/HUD/VirtualJoystick_Background.uexp" 626
"../../../Engine/Content/MobileResources/HUD/DefaultVirtualJoysticks.uasset" 627
"../../../Engine/Content/MobileResources/HUD/DefaultVirtualJoysticks.uexp" 628
"../../../Engine/Content/MobileResources/HUD/LeftVirtualJoystickOnly.uasset" 629
"../../../Engine/Content/MobileResources/HUD/LeftVirtualJoystickOnly.uexp" 630
"../../../Engine/Content/MobileResources/HUD/MobileHUDButton1_off.uasset" 631
"../../../Engine/Content/MobileResources/HUD/MobileHUDButton1_off.uexp" 632
"../../../Engine/Content/MobileResources/HUD/MobileHUDButton1_on.uasset" 633
"../../../Engine/Content/MobileResources/HUD/MobileHUDButton1_on.uexp" 634
"../../../Engine/Content/MobileResources/HUD/MobileHUDButton2_off.uasset" 635
"../../../Engine/Content/MobileResources/HUD/MobileHUDButton2_off.uexp" 636
"../../../Engine/Content/MobileResources/HUD/MobileHUDButton2_on.uasset" 637
"../../../Engine/Content/MobileResources/HUD/MobileHUDButton2_on.uexp" 638
"../../../Engine/Content/MobileResources/HUD/MobileHUDButton3.uasset" 639
"../../../Engine/Content/MobileResources/HUD/MobileHUDButton3.uexp" 640
"../../../Engine/Content/MobileResources/HUD/MobileHUDButtonFire.uasset" 641
"../../../Engine/Content/MobileResources/HUD/MobileHUDButtonFire.uexp" 642
"../../../Engine/Content/MobileResources/HUD/MobileHUDDirectionPad.uasset" 643
"../../../Engine/Content/MobileResources/HUD/MobileHUDDirectionPad.uexp" 644
"../../../Engine/Content/MobileResources/HUD/MobileHUDDirectionPad2.uasset" 645
"../../../Engine/Content/MobileResources/HUD/MobileHUDDirectionPad2.uexp" 646
"../../../Engine/Content/MobileResources/HUD/MobileHUDDirectionPad3.uasset" 647
"../../../Engine/Content/MobileResources/HUD/MobileHUDDirectionPad3.uexp" 648
"../../../Engine/Content/MobileResources/HUD/MobileHUDDirectionStick.uasset" 649
"../../../Engine/Content/MobileResources/HUD/MobileHUDDirectionStick.uexp" 650
"../../../Engine/Content/MobileResources/HUD/T_Castle_ThumbstickInner.uasset" 651
"../../../Engine/Content/MobileResources/HUD/T_Castle_ThumbstickInner.uexp" 652
"../../../Engine/Content/MobileResources/HUD/T_Castle_ThumbstickOutter.uasset" 653
"../../../Engine/Content/MobileResources/HUD/T_Castle_ThumbstickOutter.uexp" 654
"../../../Engine/Content/Tutorial/ContentIntroCurve.uasset" 655
"../../../Engine/Content/Tutorial/ContentIntroCurve.uexp" 656
"../../../Engine/Content/Tutorial/BlueprintTutorials/TutorialAssets/Blueprint_64x.uasset" 657
"../../../Engine/Content/Tutorial/BlueprintTutorials/TutorialAssets/Blueprint_64x.uexp" 658
"../../../Engine/Content/VREditor/TransformGizmo/TranslucentTransformGizmoMaterial.uasset" 659
"../../../Engine/Content/VREditor/TransformGizmo/TranslucentTransformGizmoMaterial.uexp" 660
"../../../Engine/Content/VREditor/LaserPointer/VR_LaserPower_01.uasset" 661
"../../../Engine/Content/VREditor/LaserPointer/VR_LaserPower_01.uexp" 662
"../../../Engine/Content/VREditor/LaserPointer/VR_LaserPower_01.ubulk" 663
"../../../Engine/Content/VREditor/TransformGizmo/TransformGizmoMaterial.uasset" 664
"../../../Engine/Content/VREditor/TransformGizmo/TransformGizmoMaterial.uexp" 665
"../../../Engine/Content/VREditor/TransformGizmo/BoundingBoxCorner.uasset" 666
"../../../Engine/Content/VREditor/TransformGizmo/BoundingBoxCorner.uexp" 667
"../../../Engine/Content/VREditor/TransformGizmo/BoundingBoxEdge.uasset" 668
"../../../Engine/Content/VREditor/TransformGizmo/BoundingBoxEdge.uexp" 669
"../../../Engine/Content/VREditor/TransformGizmo/PlaneTranslationHandle.uasset" 670
"../../../Engine/Content/VREditor/TransformGizmo/PlaneTranslationHandle.uexp" 671
"../../../Engine/Content/VREditor/TransformGizmo/Xray.uasset" 672
"../../../Engine/Content/VREditor/TransformGizmo/Xray.uexp" 673
"../../../Engine/Content/VREditor/TransformGizmo/Main.uasset" 674
"../../../Engine/Content/VREditor/TransformGizmo/Main.uexp" 675
"../../../Engine/Content/VREditor/TransformGizmo/SM_Sequencer_Key.uasset" 676
"../../../Engine/Content/VREditor/TransformGizmo/SM_Sequencer_Key.uexp" 677
"../../../Engine/Content/VREditor/TransformGizmo/SM_Sequencer_Node.uasset" 678
"../../../Engine/Content/VREditor/TransformGizmo/SM_Sequencer_Node.uexp" 679
"../../../Engine/Plugins/2D/Paper2D/Content/PlaceholderTextures/DummySpriteTexture.uasset" 680
"../../../Engine/Plugins/2D/Paper2D/Content/PlaceholderTextures/DummySpriteTexture.uexp" 681
"../../../Engine/Plugins/2D/Paper2D/Content/PlaceholderTextures/DummySpriteTexture.ubulk" 682
"../../../Engine/Plugins/2D/Paper2D/Content/DummySprite.uasset" 683
"../../../Engine/Plugins/2D/Paper2D/Content/DummySprite.uexp" 684
"../../../Engine/Plugins/2D/Paper2D/Content/DefaultPaperTerrainMaterial.uasset" 685
"../../../Engine/Plugins/2D/Paper2D/Content/DefaultPaperTerrainMaterial.uexp" 686
"../../../Engine/Plugins/2D/Paper2D/Content/DefaultSpriteMaterial.uasset" 687
"../../../Engine/Plugins/2D/Paper2D/Content/DefaultSpriteMaterial.uexp" 688
"../../../Engine/Plugins/2D/Paper2D/Content/MaskedUnlitSpriteMaterial.uasset" 689
"../../../Engine/Plugins/2D/Paper2D/Content/MaskedUnlitSpriteMaterial.uexp" 690
"../../../Engine/Plugins/2D/Paper2D/Content/OpaqueUnlitSpriteMaterial.uasset" 691
"../../../Engine/Plugins/2D/Paper2D/Content/OpaqueUnlitSpriteMaterial.uexp" 692
"../../../Engine/Content/Functions/Engine_MaterialFunctions02/Utility/BreakOutFloat3Components.uasset" 693
"../../../Engine/Content/Functions/Engine_MaterialFunctions02/Utility/BreakOutFloat3Components.uexp" 694
"../../../Engine/Plugins/Editor/SpeedTreeImporter/Content/SpeedTree9/UnpackInteger3.uasset" 695
"../../../Engine/Plugins/Editor/SpeedTreeImporter/Content/SpeedTree9/UnpackInteger3.uexp" 696
"../../../Engine/Plugins/Editor/SpeedTreeImporter/Content/SpeedTree9/UnpackDirection.uasset" 697
"../../../Engine/Plugins/Editor/SpeedTreeImporter/Content/SpeedTree9/UnpackDirection.uexp" 698
"../../../Engine/Plugins/Editor/SpeedTreeImporter/Content/SpeedTree9/game_wind_noise.uasset" 699
"../../../Engine/Plugins/Editor/SpeedTreeImporter/Content/SpeedTree9/game_wind_noise.uexp" 700
"../../../Engine/Plugins/Editor/SpeedTreeImporter/Content/SpeedTree9/game_wind_noise.ubulk" 701
"../../../Engine/Content/Functions/Engine_MaterialFunctions02/SafeNormalize.uasset" 702
"../../../Engine/Content/Functions/Engine_MaterialFunctions02/SafeNormalize.uexp" 703
"../../../Engine/Plugins/Editor/SpeedTreeImporter/Content/SpeedTree9/SpeedTreeWindMotion.uasset" 704
"../../../Engine/Plugins/Editor/SpeedTreeImporter/Content/SpeedTree9/SpeedTreeWindMotion.uexp" 705
"../../../Engine/Plugins/Editor/SpeedTreeImporter/Content/SpeedTree9/SpeedTreeBranchMotion.uasset" 706
"../../../Engine/Plugins/Editor/SpeedTreeImporter/Content/SpeedTree9/SpeedTreeBranchMotion.uexp" 707
"../../../Engine/Content/Functions/Engine_MaterialFunctions02/ObjectLocalBounds.uasset" 708
"../../../Engine/Content/Functions/Engine_MaterialFunctions02/ObjectLocalBounds.uexp" 709
"../../../Engine/Content/Functions/Engine_MaterialFunctions02/UVs/BoundingBoxBased_0-1_UVW.uasset" 710
"../../../Engine/Content/Functions/Engine_MaterialFunctions02/UVs/BoundingBoxBased_0-1_UVW.uexp" 711
"../../../Engine/Content/Functions/Engine_MaterialFunctions02/Utility/VectorLength.uasset" 712
"../../../Engine/Content/Functions/Engine_MaterialFunctions02/Utility/VectorLength.uexp" 713
"../../../Engine/Content/Functions/Engine_MaterialFunctions02/WorldPositionOffset/ObjectScale.uasset" 714
"../../../Engine/Content/Functions/Engine_MaterialFunctions02/WorldPositionOffset/ObjectScale.uexp" 715
"../../../Engine/Plugins/Editor/SpeedTreeImporter/Content/SpeedTree9/SpeedTreeWind.uasset" 716
"../../../Engine/Plugins/Editor/SpeedTreeImporter/Content/SpeedTree9/SpeedTreeWind.uexp" 717
"../../../Engine/Plugins/Editor/SpeedTreeImporter/Content/SpeedTree9/SpeedTreeBillboard.uasset" 718
"../../../Engine/Plugins/Editor/SpeedTreeImporter/Content/SpeedTree9/SpeedTreeBillboard.uexp" 719
"../../../Engine/Plugins/Editor/SpeedTreeImporter/Content/SpeedTree9/EmptyNormal.uasset" 720
"../../../Engine/Plugins/Editor/SpeedTreeImporter/Content/SpeedTree9/EmptyNormal.uexp" 721
"../../../Engine/Plugins/Editor/SpeedTreeImporter/Content/SpeedTree9/Empty.uasset" 722
"../../../Engine/Plugins/Editor/SpeedTreeImporter/Content/SpeedTree9/Empty.uexp" 723
"../../../Engine/Plugins/Editor/SpeedTreeImporter/Content/SpeedTree9/SpeedTreeBillboardMaster.uasset" 724
"../../../Engine/Plugins/Editor/SpeedTreeImporter/Content/SpeedTree9/SpeedTreeBillboardMaster.uexp" 725
"../../../Engine/Plugins/Editor/SpeedTreeImporter/Content/SpeedTree9/SpeedTreeCameraFacing.uasset" 726
"../../../Engine/Plugins/Editor/SpeedTreeImporter/Content/SpeedTree9/SpeedTreeCameraFacing.uexp" 727
"../../../Engine/Plugins/Editor/SpeedTreeImporter/Content/SpeedTree9/SpeedTreeMaster.uasset" 728
"../../../Engine/Plugins/Editor/SpeedTreeImporter/Content/SpeedTree9/SpeedTreeMaster.uexp" 729
"../../../Engine/Content/ArtTools/RenderToTexture/Materials/Debug/M_Emissive_Color.uasset" 730
"../../../Engine/Content/ArtTools/RenderToTexture/Materials/Debug/M_Emissive_Color.uexp" 731
"../../../Engine/Content/BasicShapes/Cylinder.uasset" 732
"../../../Engine/Content/BasicShapes/Cylinder.uexp" 733
"../../../Engine/Plugins/Lumin/MagicLeapPassableWorld/Content/MagicLeapARPinInfoActor.uasset" 734
"../../../Engine/Plugins/Lumin/MagicLeapPassableWorld/Content/MagicLeapARPinInfoActor.uexp" 735
"../../../Engine/Content/EngineFonts/Faces/DroidSansMono.uasset" 736
"../../../Engine/Content/EngineFonts/Faces/DroidSansMono.uexp" 737
"../../../Engine/Content/EngineFonts/Faces/DroidSansMono.ufont" 738
"../../../Engine/Content/EngineFonts/DroidSansMono.uasset" 739
"../../../Engine/Content/EngineFonts/DroidSansMono.uexp" 740
"../../../Engine/Plugins/MovieScene/MovieRenderPipeline/Content/Blueprints/DefaultBurnIn.uasset" 741
"../../../Engine/Plugins/MovieScene/MovieRenderPipeline/Content/Blueprints/DefaultBurnIn.uexp" 742
"../../../Engine/Plugins/MovieScene/MovieRenderPipeline/Content/Blueprints/UI_MovieRenderPipelineInfoTableRow.uasset" 743
"../../../Engine/Plugins/MovieScene/MovieRenderPipeline/Content/Blueprints/UI_MovieRenderPipelineInfoTableRow.uexp" 744
"../../../Engine/Content/ArtTools/RenderToTexture/Textures/127grey.uasset" 745
"../../../Engine/Content/ArtTools/RenderToTexture/Textures/127grey.uexp" 746
"../../../Engine/Plugins/MovieScene/MovieRenderPipeline/Content/Blueprints/M_MoviePipelineRenderPreview.uasset" 747
"../../../Engine/Plugins/MovieScene/MovieRenderPipeline/Content/Blueprints/M_MoviePipelineRenderPreview.uexp" 748
"../../../Engine/Plugins/MovieScene/MovieRenderPipeline/Content/Blueprints/UI_MovieRenderPipelineScreenOverlay.uasset" 749
"../../../Engine/Plugins/MovieScene/MovieRenderPipeline/Content/Blueprints/UI_MovieRenderPipelineScreenOverlay.uexp" 750
"../../../Engine/Plugins/MovieScene/MovieRenderPipeline/Content/Materials/MoviePipeline_StencilCutout.uasset" 751
"../../../Engine/Plugins/MovieScene/MovieRenderPipeline/Content/Materials/MoviePipeline_StencilCutout.uexp" 752
"../../../Engine/Content/Functions/Engine_MaterialFunctions02/Utility/MakeFloat3.uasset" 753
"../../../Engine/Content/Functions/Engine_MaterialFunctions02/Utility/MakeFloat3.uexp" 754
"../../../Engine/Plugins/MovieScene/MovieRenderPipeline/Content/Materials/MovieRenderQueue_MotionVectors.uasset" 755
"../../../Engine/Plugins/MovieScene/MovieRenderPipeline/Content/Materials/MovieRenderQueue_MotionVectors.uexp" 756
"../../../Engine/Content/Functions/Engine_MaterialFunctions02/Utility/MakeFloat4.uasset" 757
"../../../Engine/Content/Functions/Engine_MaterialFunctions02/Utility/MakeFloat4.uexp" 758
"../../../Engine/Content/Functions/Engine_MaterialFunctions02/Utility/BreakOutFloat4Components.uasset" 759
"../../../Engine/Content/Functions/Engine_MaterialFunctions02/Utility/BreakOutFloat4Components.uexp" 760
"../../../Engine/Plugins/MovieScene/MovieRenderPipeline/Content/Materials/MovieRenderQueue_WorldDepth.uasset" 761
"../../../Engine/Plugins/MovieScene/MovieRenderPipeline/Content/Materials/MovieRenderQueue_WorldDepth.uexp" 762
"../../../Engine/Plugins/Runtime/OpenXR/Content/Devices/GoogleDaydream/MRTexture.uasset" 763
"../../../Engine/Plugins/Runtime/OpenXR/Content/Devices/GoogleDaydream/MRTexture.uexp" 764
"../../../Engine/Plugins/Runtime/OpenXR/Content/Devices/GoogleDaydream/MRTexture.ubulk" 765
"../../../Engine/Plugins/Runtime/OpenXR/Content/Devices/GoogleDaydream/BaseTexture.uasset" 766
"../../../Engine/Plugins/Runtime/OpenXR/Content/Devices/GoogleDaydream/BaseTexture.uexp" 767
"../../../Engine/Plugins/Runtime/OpenXR/Content/Devices/GoogleDaydream/BaseTexture.ubulk" 768
"../../../Engine/Content/EngineResources/Black.uasset" 769
"../../../Engine/Content/EngineResources/Black.uexp" 770
"../../../Engine/Plugins/Runtime/OpenXR/Content/Devices/M_XRController.uasset" 771
"../../../Engine/Plugins/Runtime/OpenXR/Content/Devices/M_XRController.uexp" 772
"../../../Engine/Plugins/Runtime/OpenXR/Content/Devices/GoogleDaydream/MI_GoogleDaydream.uasset" 773
"../../../Engine/Plugins/Runtime/OpenXR/Content/Devices/GoogleDaydream/MI_GoogleDaydream.uexp" 774
"../../../Engine/Plugins/Runtime/OpenXR/Content/Devices/GoogleDaydream/GoogleDaydreamController.uasset" 775
"../../../Engine/Plugins/Runtime/OpenXR/Content/Devices/GoogleDaydream/GoogleDaydreamController.uexp" 776
"../../../Engine/Plugins/Runtime/OpenXR/Content/Devices/HTCVive/BaseTexture.uasset" 777
"../../../Engine/Plugins/Runtime/OpenXR/Content/Devices/HTCVive/BaseTexture.uexp" 778
"../../../Engine/Plugins/Runtime/OpenXR/Content/Devices/HTCVive/BaseTexture.ubulk" 779
"../../../Engine/Plugins/Runtime/OpenXR/Content/Devices/HTCVive/MI_HTCVive.uasset" 780
"../../../Engine/Plugins/Runtime/OpenXR/Content/Devices/HTCVive/MI_HTCVive.uexp" 781
"../../../Engine/Plugins/Runtime/OpenXR/Content/Devices/HTCVive/HTCViveController.uasset" 782
"../../../Engine/Plugins/Runtime/OpenXR/Content/Devices/HTCVive/HTCViveController.uexp" 783
"../../../Engine/Plugins/Runtime/OpenXR/Content/Devices/MicrosoftMixedReality/NormalTexture.uasset" 784
"../../../Engine/Plugins/Runtime/OpenXR/Content/Devices/MicrosoftMixedReality/NormalTexture.uexp" 785
"../../../Engine/Plugins/Runtime/OpenXR/Content/Devices/MicrosoftMixedReality/NormalTexture.ubulk" 786
"../../../Engine/Plugins/Runtime/OpenXR/Content/Devices/MicrosoftMixedReality/MRTexture.uasset" 787
"../../../Engine/Plugins/Runtime/OpenXR/Content/Devices/MicrosoftMixedReality/MRTexture.uexp" 788
"../../../Engine/Plugins/Runtime/OpenXR/Content/Devices/MicrosoftMixedReality/MRTexture.ubulk" 789
"../../../Engine/Plugins/Runtime/OpenXR/Content/Devices/MicrosoftMixedReality/EmissiveTexture.uasset" 790
"../../../Engine/Plugins/Runtime/OpenXR/Content/Devices/MicrosoftMixedReality/EmissiveTexture.uexp" 791
"../../../Engine/Plugins/Runtime/OpenXR/Content/Devices/MicrosoftMixedReality/EmissiveTexture.ubulk" 792
"../../../Engine/Plugins/Runtime/OpenXR/Content/Devices/MicrosoftMixedReality/BaseTexture.uasset" 793
"../../../Engine/Plugins/Runtime/OpenXR/Content/Devices/MicrosoftMixedReality/BaseTexture.uexp" 794
"../../../Engine/Plugins/Runtime/OpenXR/Content/Devices/MicrosoftMixedReality/BaseTexture.ubulk" 795
"../../../Engine/Plugins/Runtime/OpenXR/Content/Devices/MicrosoftMixedReality/MI_MicrosoftMixedReality.uasset" 796
"../../../Engine/Plugins/Runtime/OpenXR/Content/Devices/MicrosoftMixedReality/MI_MicrosoftMixedReality.uexp" 797
"../../../Engine/Plugins/Runtime/OpenXR/Content/Devices/MicrosoftMixedReality/Left/left_MicrosoftMixedRealityController.uasset" 798
"../../../Engine/Plugins/Runtime/OpenXR/Content/Devices/MicrosoftMixedReality/Left/left_MicrosoftMixedRealityController.uexp" 799
"../../../Engine/Plugins/Runtime/OpenXR/Content/Devices/MicrosoftMixedReality/Right/right_MicrosoftMixedRealityController.uasset" 800
"../../../Engine/Plugins/Runtime/OpenXR/Content/Devices/MicrosoftMixedReality/Right/right_MicrosoftMixedRealityController.uexp" 801
"../../../Engine/Plugins/Runtime/OpenXR/Content/Devices/OculusGo/BaseTexture.uasset" 802
"../../../Engine/Plugins/Runtime/OpenXR/Content/Devices/OculusGo/BaseTexture.uexp" 803
"../../../Engine/Plugins/Runtime/OpenXR/Content/Devices/OculusGo/BaseTexture.ubulk" 804
"../../../Engine/Plugins/Runtime/OpenXR/Content/Devices/OculusGo/MI_OculusGo.uasset" 805
"../../../Engine/Plugins/Runtime/OpenXR/Content/Devices/OculusGo/MI_OculusGo.uexp" 806
"../../../Engine/Plugins/Runtime/OpenXR/Content/Devices/OculusGo/OculusGoController.uasset" 807
"../../../Engine/Plugins/Runtime/OpenXR/Content/Devices/OculusGo/OculusGoController.uexp" 808
"../../../Engine/Plugins/Runtime/OpenXR/Content/Devices/OculusTouch/MRTexture.uasset" 809
"../../../Engine/Plugins/Runtime/OpenXR/Content/Devices/OculusTouch/MRTexture.uexp" 810
"../../../Engine/Plugins/Runtime/OpenXR/Content/Devices/OculusTouch/MRTexture.ubulk" 811
"../../../Engine/Plugins/Runtime/OpenXR/Content/Devices/OculusTouch/BaseTexture.uasset" 812
"../../../Engine/Plugins/Runtime/OpenXR/Content/Devices/OculusTouch/BaseTexture.uexp" 813
"../../../Engine/Plugins/Runtime/OpenXR/Content/Devices/OculusTouch/BaseTexture.ubulk" 814
"../../../Engine/Plugins/Runtime/OpenXR/Content/Devices/OculusTouch/MI_OculusTouch.uasset" 815
"../../../Engine/Plugins/Runtime/OpenXR/Content/Devices/OculusTouch/MI_OculusTouch.uexp" 816
"../../../Engine/Plugins/Runtime/OpenXR/Content/Devices/OculusTouch/Left/left_OculusTouchController.uasset" 817
"../../../Engine/Plugins/Runtime/OpenXR/Content/Devices/OculusTouch/Left/left_OculusTouchController.uexp" 818
"../../../Engine/Plugins/Runtime/OpenXR/Content/Devices/OculusTouch/Right/right_OculusTouchController.uasset" 819
"../../../Engine/Plugins/Runtime/OpenXR/Content/Devices/OculusTouch/Right/right_OculusTouchController.uexp" 820
"../../../Engine/Plugins/Runtime/OpenXR/Content/Devices/OculusTouch_v2/MRTexture.uasset" 821
"../../../Engine/Plugins/Runtime/OpenXR/Content/Devices/OculusTouch_v2/MRTexture.uexp" 822
"../../../Engine/Plugins/Runtime/OpenXR/Content/Devices/OculusTouch_v2/MRTexture.ubulk" 823
"../../../Engine/Plugins/Runtime/OpenXR/Content/Devices/OculusTouch_v2/BaseTexture.uasset" 824
"../../../Engine/Plugins/Runtime/OpenXR/Content/Devices/OculusTouch_v2/BaseTexture.uexp" 825
"../../../Engine/Plugins/Runtime/OpenXR/Content/Devices/OculusTouch_v2/BaseTexture.ubulk" 826
"../../../Engine/Plugins/Runtime/OpenXR/Content/Devices/OculusTouch_v2/MI_OculusTouch_v2.uasset" 827
"../../../Engine/Plugins/Runtime/OpenXR/Content/Devices/OculusTouch_v2/MI_OculusTouch_v2.uexp" 828
"../../../Engine/Plugins/Runtime/OpenXR/Content/Devices/OculusTouch_v2/Left/left_OculusTouch_v2Controller.uasset" 829
"../../../Engine/Plugins/Runtime/OpenXR/Content/Devices/OculusTouch_v2/Left/left_OculusTouch_v2Controller.uexp" 830
"../../../Engine/Plugins/Runtime/OpenXR/Content/Devices/OculusTouch_v2/Right/right_OculusTouch_v2Controller.uasset" 831
"../../../Engine/Plugins/Runtime/OpenXR/Content/Devices/OculusTouch_v2/Right/right_OculusTouch_v2Controller.uexp" 832
"../../../Engine/Plugins/Runtime/OpenXR/Content/Devices/OculusTouch_v3/MRTexture.uasset" 833
"../../../Engine/Plugins/Runtime/OpenXR/Content/Devices/OculusTouch_v3/MRTexture.uexp" 834
"../../../Engine/Plugins/Runtime/OpenXR/Content/Devices/OculusTouch_v3/MRTexture.ubulk" 835
"../../../Engine/Plugins/Runtime/OpenXR/Content/Devices/OculusTouch_v3/BaseTexture.uasset" 836
"../../../Engine/Plugins/Runtime/OpenXR/Content/Devices/OculusTouch_v3/BaseTexture.uexp" 837
"../../../Engine/Plugins/Runtime/OpenXR/Content/Devices/OculusTouch_v3/BaseTexture.ubulk" 838
"../../../Engine/Plugins/Runtime/OpenXR/Content/Devices/OculusTouch_v3/MI_OculusTouch_v3.uasset" 839
"../../../Engine/Plugins/Runtime/OpenXR/Content/Devices/OculusTouch_v3/MI_OculusTouch_v3.uexp" 840
"../../../Engine/Plugins/Runtime/OpenXR/Content/Devices/OculusTouch_v3/Left/left_OculusTouch_v3Controller.uasset" 841
"../../../Engine/Plugins/Runtime/OpenXR/Content/Devices/OculusTouch_v3/Left/left_OculusTouch_v3Controller.uexp" 842
"../../../Engine/Plugins/Runtime/OpenXR/Content/Devices/OculusTouch_v3/Right/right_OculusTouch_v3Controller.uasset" 843
"../../../Engine/Plugins/Runtime/OpenXR/Content/Devices/OculusTouch_v3/Right/right_OculusTouch_v3Controller.uexp" 844
"../../../Engine/Plugins/Runtime/OpenXR/Content/Devices/ValveIndex/MRTexture.uasset" 845
"../../../Engine/Plugins/Runtime/OpenXR/Content/Devices/ValveIndex/MRTexture.uexp" 846
"../../../Engine/Plugins/Runtime/OpenXR/Content/Devices/ValveIndex/MRTexture.ubulk" 847
"../../../Engine/Plugins/Runtime/OpenXR/Content/Devices/ValveIndex/BaseTexture.uasset" 848
"../../../Engine/Plugins/Runtime/OpenXR/Content/Devices/ValveIndex/BaseTexture.uexp" 849
"../../../Engine/Plugins/Runtime/OpenXR/Content/Devices/ValveIndex/BaseTexture.ubulk" 850
"../../../Engine/Plugins/Runtime/OpenXR/Content/Devices/ValveIndex/Left/MI_left_ValveIndex.uasset" 851
"../../../Engine/Plugins/Runtime/OpenXR/Content/Devices/ValveIndex/Left/MI_left_ValveIndex.uexp" 852
"../../../Engine/Plugins/Runtime/OpenXR/Content/Devices/ValveIndex/Left/left_ValveIndexController.uasset" 853
"../../../Engine/Plugins/Runtime/OpenXR/Content/Devices/ValveIndex/Left/left_ValveIndexController.uexp" 854
"../../../Engine/Plugins/Runtime/OpenXR/Content/Devices/ValveIndex/Right/MI_right_ValveIndex.uasset" 855
"../../../Engine/Plugins/Runtime/OpenXR/Content/Devices/ValveIndex/Right/MI_right_ValveIndex.uexp" 856
"../../../Engine/Plugins/Runtime/OpenXR/Content/Devices/ValveIndex/Right/right_ValveIndexController.uasset" 857
"../../../Engine/Plugins/Runtime/OpenXR/Content/Devices/ValveIndex/Right/right_ValveIndexController.uexp" 858
"../../../Engine/Plugins/Runtime/Oculus/OculusVR/Content/Materials/OculusMR_ChromaKey.uasset" 859
"../../../Engine/Plugins/Runtime/Oculus/OculusVR/Content/Materials/OculusMR_ChromaKey.uexp" 860
"../../../Engine/Plugins/Runtime/Oculus/OculusVR/Content/Materials/OculusMR_OpaqueColoredMaterial.uasset" 861
"../../../Engine/Plugins/Runtime/Oculus/OculusVR/Content/Materials/OculusMR_OpaqueColoredMaterial.uexp" 862
"../../../Engine/Plugins/Runtime/Oculus/OculusVR/Content/Materials/PokeAHoleMaterial.uasset" 863
"../../../Engine/Plugins/Runtime/Oculus/OculusVR/Content/Materials/PokeAHoleMaterial.uexp" 864
"../../../Engine/Plugins/Runtime/Oculus/OculusVR/Content/Textures/touchController_controlmap.uasset" 865
"../../../Engine/Plugins/Runtime/Oculus/OculusVR/Content/Textures/touchController_controlmap.uexp" 866
"../../../Engine/Plugins/Runtime/Oculus/OculusVR/Content/Textures/touchController_controlmap.ubulk" 867
"../../../Engine/Plugins/Runtime/Oculus/OculusVR/Content/Textures/touchController_albedo.uasset" 868
"../../../Engine/Plugins/Runtime/Oculus/OculusVR/Content/Textures/touchController_albedo.uexp" 869
"../../../Engine/Plugins/Runtime/Oculus/OculusVR/Content/Textures/touchController_albedo.ubulk" 870
"../../../Engine/Plugins/Runtime/Oculus/OculusVR/Content/Materials/touchController_mat.uasset" 871
"../../../Engine/Plugins/Runtime/Oculus/OculusVR/Content/Materials/touchController_mat.uexp" 872
"../../../Engine/Plugins/Runtime/Oculus/OculusVR/Content/Meshes/LeftTouchController.uasset" 873
"../../../Engine/Plugins/Runtime/Oculus/OculusVR/Content/Meshes/LeftTouchController.uexp" 874
"../../../Engine/Plugins/Runtime/Oculus/OculusVR/Content/Textures/TouchForQuestRiftSController_albedo.uasset" 875
"../../../Engine/Plugins/Runtime/Oculus/OculusVR/Content/Textures/TouchForQuestRiftSController_albedo.uexp" 876
"../../../Engine/Plugins/Runtime/Oculus/OculusVR/Content/Textures/TouchForQuestRiftSController_albedo.ubulk" 877
"../../../Engine/Plugins/Runtime/Oculus/OculusVR/Content/Materials/TouchForQuestRiftSControllerMaterial.uasset" 878
"../../../Engine/Plugins/Runtime/Oculus/OculusVR/Content/Materials/TouchForQuestRiftSControllerMaterial.uexp" 879
"../../../Engine/Plugins/Runtime/Oculus/OculusVR/Content/Meshes/LeftTouchForQuestRiftSController.uasset" 880
"../../../Engine/Plugins/Runtime/Oculus/OculusVR/Content/Meshes/LeftTouchForQuestRiftSController.uexp" 881
"../../../Engine/Plugins/Runtime/Oculus/OculusVR/Content/Meshes/RiftHMD.uasset" 882
"../../../Engine/Plugins/Runtime/Oculus/OculusVR/Content/Meshes/RiftHMD.uexp" 883
"../../../Engine/Plugins/Runtime/Oculus/OculusVR/Content/Meshes/RightTouchController.uasset" 884
"../../../Engine/Plugins/Runtime/Oculus/OculusVR/Content/Meshes/RightTouchController.uexp" 885
"../../../Engine/Plugins/Runtime/Oculus/OculusVR/Content/Meshes/RightTouchForQuestRiftSController.uasset" 886
"../../../Engine/Plugins/Runtime/Oculus/OculusVR/Content/Meshes/RightTouchForQuestRiftSController.uexp" 887
"D:/MY PROJECTS/jamgame/jamgame/Content/levels/main_menu_BuiltData.uasset" 888
"D:/MY PROJECTS/jamgame/jamgame/Content/levels/main_menu_BuiltData.uexp" 889
"D:/MY PROJECTS/jamgame/jamgame/Content/levels/main_menu_BuiltData.ubulk" 890
"D:/MY PROJECTS/jamgame/jamgame/Content/scripts/player/bp_camera.uasset" 891
"D:/MY PROJECTS/jamgame/jamgame/Content/scripts/player/bp_camera.uexp" 892
"D:/MY PROJECTS/jamgame/jamgame/Content/assets/meshes/sm_light.uasset" 893
"D:/MY PROJECTS/jamgame/jamgame/Content/assets/meshes/sm_light.uexp" 894
"D:/MY PROJECTS/jamgame/jamgame/Content/scripts/deco/bp_lamp1.uasset" 895
"D:/MY PROJECTS/jamgame/jamgame/Content/scripts/deco/bp_lamp1.uexp" 896
"D:/MY PROJECTS/jamgame/jamgame/Content/assets/ui/ui_1startup.uasset" 897
"D:/MY PROJECTS/jamgame/jamgame/Content/assets/ui/ui_1startup.uexp" 898
"D:/MY PROJECTS/jamgame/jamgame/Content/data/e_levellist.uasset" 899
"D:/MY PROJECTS/jamgame/jamgame/Content/data/e_levellist.uexp" 900
"D:/MY PROJECTS/jamgame/jamgame/Content/assets/images/ui/logo_x.uasset" 901
"D:/MY PROJECTS/jamgame/jamgame/Content/assets/images/ui/logo_x.uexp" 902
"D:/MY PROJECTS/jamgame/jamgame/Content/assets/images/ui/logo_tube.uasset" 903
"D:/MY PROJECTS/jamgame/jamgame/Content/assets/images/ui/logo_tube.uexp" 904
"D:/MY PROJECTS/jamgame/jamgame/Content/assets/ui/ui_1mainmenu.uasset" 905
"D:/MY PROJECTS/jamgame/jamgame/Content/assets/ui/ui_1mainmenu.uexp" 906
"D:/MY PROJECTS/jamgame/jamgame/Content/assets/sounds/ambient/seam_industrial2.uasset" 907
"D:/MY PROJECTS/jamgame/jamgame/Content/assets/sounds/ambient/seam_industrial2.uexp" 908
"D:/MY PROJECTS/jamgame/jamgame/Content/assets/sounds/ambient/seam_industrial.uasset" 909
"D:/MY PROJECTS/jamgame/jamgame/Content/assets/sounds/ambient/seam_industrial.uexp" 910
"D:/MY PROJECTS/jamgame/jamgame/Content/assets/meshes/deco/sm_wires.uasset" 911
"D:/MY PROJECTS/jamgame/jamgame/Content/assets/meshes/deco/sm_wires.uexp" 912
"D:/MY PROJECTS/jamgame/jamgame/Content/assets/meshes/char/human1_Skeleton.uasset" 913
"D:/MY PROJECTS/jamgame/jamgame/Content/assets/meshes/char/human1_Skeleton.uexp" 914
"D:/MY PROJECTS/jamgame/jamgame/Content/assets/boom_notify.uasset" 915
"D:/MY PROJECTS/jamgame/jamgame/Content/assets/boom_notify.uexp" 916
"D:/MY PROJECTS/jamgame/jamgame/Content/assets/meshes/char/human1_Anim.uasset" 917
"D:/MY PROJECTS/jamgame/jamgame/Content/assets/meshes/char/human1_Anim.uexp" 918
"D:/MY PROJECTS/jamgame/jamgame/Content/assets/meshes/char/human1_PhysicsAsset.uasset" 919
"D:/MY PROJECTS/jamgame/jamgame/Content/assets/meshes/char/human1_PhysicsAsset.uexp" 920
"D:/MY PROJECTS/jamgame/jamgame/Content/assets/meshes/char/human1.uasset" 921
"D:/MY PROJECTS/jamgame/jamgame/Content/assets/meshes/char/human1.uexp" 922
"D:/MY PROJECTS/jamgame/jamgame/Content/assets/materials/architecture/mat_wall.uasset" 923
"D:/MY PROJECTS/jamgame/jamgame/Content/assets/materials/architecture/mat_wall.uexp" 924
"D:/MY PROJECTS/jamgame/jamgame/Content/assets/textures/t_ceramictile_normal.uasset" 925
"D:/MY PROJECTS/jamgame/jamgame/Content/assets/textures/t_ceramictile_normal.uexp" 926
"D:/MY PROJECTS/jamgame/jamgame/Content/assets/textures/t_ceramictile_normal.ubulk" 927
"D:/MY PROJECTS/jamgame/jamgame/Content/StarterContent/Textures/T_Perlin_Noise_M.uasset" 928
"D:/MY PROJECTS/jamgame/jamgame/Content/StarterContent/Textures/T_Perlin_Noise_M.uexp" 929
"D:/MY PROJECTS/jamgame/jamgame/Content/StarterContent/Textures/T_Perlin_Noise_M.ubulk" 930
"D:/MY PROJECTS/jamgame/jamgame/Content/assets/textures/t_ceramicpolished2.uasset" 931
"D:/MY PROJECTS/jamgame/jamgame/Content/assets/textures/t_ceramicpolished2.uexp" 932
"D:/MY PROJECTS/jamgame/jamgame/Content/assets/textures/t_ceramicpolished2.ubulk" 933
"D:/MY PROJECTS/jamgame/jamgame/Content/assets/textures/t_ceramictile3.uasset" 934
"D:/MY PROJECTS/jamgame/jamgame/Content/assets/textures/t_ceramictile3.uexp" 935
"D:/MY PROJECTS/jamgame/jamgame/Content/assets/materials/architecture/mat_texceramictile2.uasset" 936
"D:/MY PROJECTS/jamgame/jamgame/Content/assets/materials/architecture/mat_texceramictile2.uexp" 937
"D:/MY PROJECTS/jamgame/jamgame/Content/levels/main_menu.uexp" 938
"D:/MY PROJECTS/jamgame/jamgame/Content/levels/main_menu.umap" 939
"D:/MY PROJECTS/jamgame/jamgame/Content/assets/ui/ui_button_option.uasset" 940
"D:/MY PROJECTS/jamgame/jamgame/Content/assets/ui/ui_button_option.uexp" 941
"D:/MY PROJECTS/jamgame/jamgame/Content/assets/sounds/ui/se_button_el_click.uasset" 942
"D:/MY PROJECTS/jamgame/jamgame/Content/assets/sounds/ui/se_button_el_click.uexp" 943
"D:/MY PROJECTS/jamgame/jamgame/Content/assets/meshes/props/sm_tabletbutton.uasset" 944
"D:/MY PROJECTS/jamgame/jamgame/Content/assets/meshes/props/sm_tabletbutton.uexp" 945
"D:/MY PROJECTS/jamgame/jamgame/Content/scripts/deco/extrabp/bp_extra_buttontablet.uasset" 946
"D:/MY PROJECTS/jamgame/jamgame/Content/scripts/deco/extrabp/bp_extra_buttontablet.uexp" 947
"D:/MY PROJECTS/jamgame/jamgame/Content/assets/sounds/props/se_microwave_open.uasset" 948
"D:/MY PROJECTS/jamgame/jamgame/Content/assets/sounds/props/se_microwave_open.uexp" 949
"D:/MY PROJECTS/jamgame/jamgame/Content/assets/meshes/props/sm_safelockerdoor.uasset" 950
"D:/MY PROJECTS/jamgame/jamgame/Content/assets/meshes/props/sm_safelockerdoor.uexp" 951
"D:/MY PROJECTS/jamgame/jamgame/Content/assets/meshes/props/sm_safelocker.uasset" 952
"D:/MY PROJECTS/jamgame/jamgame/Content/assets/meshes/props/sm_safelocker.uexp" 953
"D:/MY PROJECTS/jamgame/jamgame/Content/scripts/deco/bp_interactive_safelocker.uasset" 954
"D:/MY PROJECTS/jamgame/jamgame/Content/scripts/deco/bp_interactive_safelocker.uexp" 955
"D:/MY PROJECTS/jamgame/jamgame/Content/assets/images/ui/t_progressbar.uasset" 956
"D:/MY PROJECTS/jamgame/jamgame/Content/assets/images/ui/t_progressbar.uexp" 957
"D:/MY PROJECTS/jamgame/jamgame/Content/assets/ui/extrawid_cooldown.uasset" 958
"D:/MY PROJECTS/jamgame/jamgame/Content/assets/ui/extrawid_cooldown.uexp" 959
"D:/MY PROJECTS/jamgame/jamgame/Content/assets/sounds/char/se_voice_m05.uasset" 960
"D:/MY PROJECTS/jamgame/jamgame/Content/assets/sounds/char/se_voice_m05.uexp" 961
"D:/MY PROJECTS/jamgame/jamgame/Content/data/dt_questions_tut.uasset" 962
"D:/MY PROJECTS/jamgame/jamgame/Content/data/dt_questions_tut.uexp" 963
"D:/MY PROJECTS/jamgame/jamgame/Content/data/dt_questions_tier2b.uasset" 964
"D:/MY PROJECTS/jamgame/jamgame/Content/data/dt_questions_tier2b.uexp" 965
"D:/MY PROJECTS/jamgame/jamgame/Content/data/dt_questions_tier2a.uasset" 966
"D:/MY PROJECTS/jamgame/jamgame/Content/data/dt_questions_tier2a.uexp" 967
"D:/MY PROJECTS/jamgame/jamgame/Content/data/dt_questions_tier1.uasset" 968
"D:/MY PROJECTS/jamgame/jamgame/Content/data/dt_questions_tier1.uexp" 969
"D:/MY PROJECTS/jamgame/jamgame/Content/assets/ui/ui_question.uasset" 970
"D:/MY PROJECTS/jamgame/jamgame/Content/assets/ui/ui_question.uexp" 971
"D:/MY PROJECTS/jamgame/jamgame/Content/assets/meshes/props/sm_tablet.uasset" 972
"D:/MY PROJECTS/jamgame/jamgame/Content/assets/meshes/props/sm_tablet.uexp" 973
"D:/MY PROJECTS/jamgame/jamgame/Content/scripts/deco/bp_interactive_rpssign_hp.uasset" 974
"D:/MY PROJECTS/jamgame/jamgame/Content/scripts/deco/bp_interactive_rpssign_hp.uexp" 975
"D:/MY PROJECTS/jamgame/jamgame/Content/assets/images/textures/t_heart.uasset" 976
"D:/MY PROJECTS/jamgame/jamgame/Content/assets/images/textures/t_heart.uexp" 977
"D:/MY PROJECTS/jamgame/jamgame/Content/assets/ui/ui_extra/ui_extra_health.uasset" 978
"D:/MY PROJECTS/jamgame/jamgame/Content/assets/ui/ui_extra/ui_extra_health.uexp" 979
"D:/MY PROJECTS/jamgame/jamgame/Content/assets/ui/ui_healthbar.uasset" 980
"D:/MY PROJECTS/jamgame/jamgame/Content/assets/ui/ui_healthbar.uexp" 981
"D:/MY PROJECTS/jamgame/jamgame/Content/scripts/deco/bp_interactive_rpssign_health.uasset" 982
"D:/MY PROJECTS/jamgame/jamgame/Content/scripts/deco/bp_interactive_rpssign_health.uexp" 983
"D:/MY PROJECTS/jamgame/jamgame/Content/data/dt_questions_preview1.uasset" 984
"D:/MY PROJECTS/jamgame/jamgame/Content/data/dt_questions_preview1.uexp" 985
"D:/MY PROJECTS/jamgame/jamgame/Content/assets/meshes/props/sm_terminal.uasset" 986
"D:/MY PROJECTS/jamgame/jamgame/Content/assets/meshes/props/sm_terminal.uexp" 987
"D:/MY PROJECTS/jamgame/jamgame/Content/scripts/deco/bp_interactive_donmachine.uasset" 988
"D:/MY PROJECTS/jamgame/jamgame/Content/scripts/deco/bp_interactive_donmachine.uexp" 989
"D:/MY PROJECTS/jamgame/jamgame/Content/assets/meshes/props/sm_camera_pad.uasset" 990
"D:/MY PROJECTS/jamgame/jamgame/Content/assets/meshes/props/sm_camera_pad.uexp" 991
"D:/MY PROJECTS/jamgame/jamgame/Content/assets/meshes/props/sm_camera.uasset" 992
"D:/MY PROJECTS/jamgame/jamgame/Content/assets/meshes/props/sm_camera.uexp" 993
"D:/MY PROJECTS/jamgame/jamgame/Content/scripts/deco/bp_camera.uasset" 994
"D:/MY PROJECTS/jamgame/jamgame/Content/scripts/deco/bp_camera.uexp" 995
"D:/MY PROJECTS/jamgame/jamgame/Content/levels/gameshow/gs_game2rps_BuiltData.uasset" 996
"D:/MY PROJECTS/jamgame/jamgame/Content/levels/gameshow/gs_game2rps_BuiltData.uexp" 997
"D:/MY PROJECTS/jamgame/jamgame/Content/levels/gameshow/gs_game2rps_BuiltData.ubulk" 998
"D:/MY PROJECTS/jamgame/jamgame/Content/assets/ui/ui_exodus_finish.uasset" 999
"D:/MY PROJECTS/jamgame/jamgame/Content/assets/ui/ui_exodus_finish.uexp" 1000
"D:/MY PROJECTS/jamgame/jamgame/Content/assets/ui/ui_extra_tipkey.uasset" 1001
"D:/MY PROJECTS/jamgame/jamgame/Content/assets/ui/ui_extra_tipkey.uexp" 1002
"D:/MY PROJECTS/jamgame/jamgame/Content/assets/postprocess/mat_ps1shader.uasset" 1003
"D:/MY PROJECTS/jamgame/jamgame/Content/assets/postprocess/mat_ps1shader.uexp" 1004
"D:/MY PROJECTS/jamgame/jamgame/Content/assets/postprocess/matins_ps1shader.uasset" 1005
"D:/MY PROJECTS/jamgame/jamgame/Content/assets/postprocess/matins_ps1shader.uexp" 1006
"D:/MY PROJECTS/jamgame/jamgame/Content/assets/images/textures/t_icon_nosmoking.uasset" 1007
"D:/MY PROJECTS/jamgame/jamgame/Content/assets/images/textures/t_icon_nosmoking.uexp" 1008
"D:/MY PROJECTS/jamgame/jamgame/Content/assets/materials/meshes/t_icon_nosmoking_Mat.uasset" 1009
"D:/MY PROJECTS/jamgame/jamgame/Content/assets/materials/meshes/t_icon_nosmoking_Mat.uexp" 1010
"D:/MY PROJECTS/jamgame/jamgame/Content/assets/meshes/deco/sm_sign3.uasset" 1011
"D:/MY PROJECTS/jamgame/jamgame/Content/assets/meshes/deco/sm_sign3.uexp" 1012
"D:/MY PROJECTS/jamgame/jamgame/Content/assets/images/textures/t_logoexit.uasset" 1013
"D:/MY PROJECTS/jamgame/jamgame/Content/assets/images/textures/t_logoexit.uexp" 1014
"D:/MY PROJECTS/jamgame/jamgame/Content/assets/materials/meshes/t_logoexit_Mat.uasset" 1015
"D:/MY PROJECTS/jamgame/jamgame/Content/assets/materials/meshes/t_logoexit_Mat.uexp" 1016
"D:/MY PROJECTS/jamgame/jamgame/Content/assets/meshes/deco/sm_sign1.uasset" 1017
"D:/MY PROJECTS/jamgame/jamgame/Content/assets/meshes/deco/sm_sign1.uexp" 1018
"D:/MY PROJECTS/jamgame/jamgame/Content/assets/meshes/deco/sm_logo11.uasset" 1019
"D:/MY PROJECTS/jamgame/jamgame/Content/assets/meshes/deco/sm_logo11.uexp" 1020
"D:/MY PROJECTS/jamgame/jamgame/Content/assets/meshes/deco/sm_logo10.uasset" 1021
"D:/MY PROJECTS/jamgame/jamgame/Content/assets/meshes/deco/sm_logo10.uexp" 1022
"D:/MY PROJECTS/jamgame/jamgame/Content/assets/meshes/deco/sm_board.uasset" 1023
"D:/MY PROJECTS/jamgame/jamgame/Content/assets/meshes/deco/sm_board.uexp" 1024
"D:/MY PROJECTS/jamgame/jamgame/Content/assets/meshes/deco/sm_suitcase.uasset" 1025
"D:/MY PROJECTS/jamgame/jamgame/Content/assets/meshes/deco/sm_suitcase.uexp" 1026
"../../../Engine/Content/Functions/Engine_MaterialFunctions01/Shading/FuzzyShading.uasset" 1027
"../../../Engine/Content/Functions/Engine_MaterialFunctions01/Shading/FuzzyShading.uexp" 1028
"D:/MY PROJECTS/jamgame/jamgame/Content/assets/materials/meshes/defmat_rough.uasset" 1029
"D:/MY PROJECTS/jamgame/jamgame/Content/assets/materials/meshes/defmat_rough.uexp" 1030
"D:/MY PROJECTS/jamgame/jamgame/Content/assets/meshes/props/sm_closet.uasset" 1031
"D:/MY PROJECTS/jamgame/jamgame/Content/assets/meshes/props/sm_closet.uexp" 1032
"D:/MY PROJECTS/jamgame/jamgame/Content/assets/meshes/deco/sm_chair.uasset" 1033
"D:/MY PROJECTS/jamgame/jamgame/Content/assets/meshes/deco/sm_chair.uexp" 1034
"D:/MY PROJECTS/jamgame/jamgame/Content/levels/gameshow/gs_game2rps.uexp" 1035
"D:/MY PROJECTS/jamgame/jamgame/Content/levels/gameshow/gs_game2rps.umap" 1036
"../../../Engine/Content/Maps/Entry_BuiltData.uasset" 1037
"../../../Engine/Content/Maps/Entry_BuiltData.uexp" 1038
"../../../Engine/Content/Maps/Entry.uexp" 1039
"../../../Engine/Content/Maps/Entry.umap" 1040
